2025-03-29 11:10:25.950 [info] Extension host with pid 2524 started
2025-03-29 11:10:25.969 [info] Lock '/home/sandyaa2004/.codeoss/data/User/workspaceStorage/62bec47d/vscode.lock': Lock acquired.
2025-03-29 11:10:26.111 [info] ExtensionService#_doActivateExtension vscode.emmet, startup: false, activationEvent: 'onLanguage'
2025-03-29 11:10:26.214 [info] ExtensionService#_doActivateExtension vscode.git-base, startup: true, activationEvent: '*', root cause: vscode.git
2025-03-29 11:10:26.277 [info] ExtensionService#_doActivateExtension vscode.git, startup: true, activationEvent: '*'
2025-03-29 11:10:26.277 [info] ExtensionService#_doActivateExtension vscode.github, startup: true, activationEvent: '*'
2025-03-29 11:10:28.265 [info] Eager extensions activated
2025-03-29 11:10:28.265 [info] ExtensionService#_doActivateExtension EditorConfig.EditorConfig, startup: false, activationEvent: 'onStartupFinished'
2025-03-29 11:10:28.266 [info] ExtensionService#_doActivateExtension google.cloud-shell, startup: false, activationEvent: 'onStartupFinished'
2025-03-29 11:10:28.266 [info] ExtensionService#_doActivateExtension google.geminicodeassist, startup: false, activationEvent: 'onStartupFinished', root cause: googlecloudtools.cloudcode
2025-03-29 11:10:28.267 [info] ExtensionService#_doActivateExtension vscode.debug-auto-launch, startup: false, activationEvent: 'onStartupFinished'
2025-03-29 11:10:28.267 [info] ExtensionService#_doActivateExtension vscode.merge-conflict, startup: false, activationEvent: 'onStartupFinished'
2025-03-29 11:10:30.226 [info] ExtensionService#_doActivateExtension vscode.configuration-editing, startup: false, activationEvent: 'onLanguage:jsonc'
2025-03-29 11:10:30.227 [info] ExtensionService#_doActivateExtension vscode.json-language-features, startup: false, activationEvent: 'onLanguage:jsonc'
2025-03-29 11:10:30.227 [info] ExtensionService#_doActivateExtension vscode.typescript-language-features, startup: false, activationEvent: 'onLanguage:jsonc'
2025-03-29 11:10:30.433 [info] ExtensionService#_doActivateExtension googlecloudtools.cloudcode, startup: false, activationEvent: 'onStartupFinished'
2025-03-29 11:10:32.676 [error] onWillSaveTextDocument-listener from extension 'EditorConfig.EditorConfig' threw ERROR
2025-03-29 11:10:32.682 [error] Error: timeout
    at Timeout._onTimeout (file:///google/devshell/editor/code-oss-for-cloud-shell/out/vs/workbench/api/node/extensionHostProcess.js:137:99781)
    at listOnTimeout (node:internal/timers:581:17)
    at processTimers (node:internal/timers:519:7)
2025-03-29 11:14:00.130 [info] ExtensionService#_doActivateExtension ms-python.python, startup: false, activationEvent: 'onLanguage:python'
2025-03-29 11:14:00.578 [error] Error: spawn /google/devshell/editor/code-oss-for-cloud-shell/extensions/ms-python.python/python-env-tools/bin/pet ENOENT
    at Process.ChildProcess._handle.onexit (node:internal/child_process:286:19)
    at onErrorNT (node:internal/child_process:484:16)
    at processTicksAndRejections (node:internal/process/task_queues:82:21)
2025-03-29 11:25:18.175 [info] Extension host terminating: renderer disconnected for too long (2)
2025-03-29 11:25:18.176 [info] Lock '/home/sandyaa2004/.codeoss/data/User/workspaceStorage/62bec47d/vscode.lock': Marking the lockfile as scheduled to be released in 6000 ms.
2025-03-29 11:25:18.214 [info] Extension host with pid 2524 exiting with code 0
