2025-03-30 05:11:53.844 [info] [main] Log level: Info
2025-03-30 05:11:53.844 [info] [main] Validating found git in: "git"
2025-03-30 05:11:53.844 [info] [main] Using git "2.43.0" from "git"
2025-03-30 05:11:53.844 [info] [Model][doInitialScan] Initial repository scan started
2025-03-30 05:11:53.844 [info] > git rev-parse --show-toplevel [1928ms]
2025-03-30 05:11:53.844 [info] fatal: not a git repository (or any parent up to mount point /)
Stopping at filesystem boundary (GIT_DISCOVERY_ACROSS_FILESYSTEM not set).
2025-03-30 05:11:53.844 [info] > git rev-parse --show-toplevel [17ms]
2025-03-30 05:11:53.844 [info] fatal: not a git repository (or any parent up to mount point /)
Stopping at filesystem boundary (GIT_DISCOVERY_ACROSS_FILESYSTEM not set).
2025-03-30 05:11:54.626 [info] > git rev-parse --show-toplevel [60ms]
2025-03-30 05:11:54.627 [info] fatal: not a git repository (or any parent up to mount point /)
Stopping at filesystem boundary (GIT_DISCOVERY_ACROSS_FILESYSTEM not set).
2025-03-30 05:11:54.771 [info] > git rev-parse --show-toplevel [66ms]
2025-03-30 05:11:54.771 [info] fatal: not a git repository (or any parent up to mount point /)
Stopping at filesystem boundary (GIT_DISCOVERY_ACROSS_FILESYSTEM not set).
2025-03-30 05:11:55.014 [info] > git rev-parse --show-toplevel [217ms]
2025-03-30 05:11:55.014 [info] fatal: not a git repository (or any parent up to mount point /)
Stopping at filesystem boundary (GIT_DISCOVERY_ACROSS_FILESYSTEM not set).
2025-03-30 05:11:55.052 [info] > git rev-parse --show-toplevel [11ms]
2025-03-30 05:11:55.054 [info] fatal: not a git repository (or any parent up to mount point /)
Stopping at filesystem boundary (GIT_DISCOVERY_ACROSS_FILESYSTEM not set).
2025-03-30 05:11:55.557 [info] > git rev-parse --show-toplevel [486ms]
2025-03-30 05:11:55.557 [info] fatal: not a git repository (or any parent up to mount point /)
Stopping at filesystem boundary (GIT_DISCOVERY_ACROSS_FILESYSTEM not set).
2025-03-30 05:11:55.739 [info] > git rev-parse --show-toplevel [31ms]
2025-03-30 05:11:55.739 [info] fatal: not a git repository (or any parent up to mount point /)
Stopping at filesystem boundary (GIT_DISCOVERY_ACROSS_FILESYSTEM not set).
2025-03-30 05:11:55.833 [info] > git rev-parse --show-toplevel [21ms]
2025-03-30 05:11:55.843 [info] fatal: not a git repository (or any parent up to mount point /)
Stopping at filesystem boundary (GIT_DISCOVERY_ACROSS_FILESYSTEM not set).
2025-03-30 05:11:55.981 [info] > git rev-parse --show-toplevel [101ms]
2025-03-30 05:11:55.981 [info] fatal: not a git repository (or any parent up to mount point /)
Stopping at filesystem boundary (GIT_DISCOVERY_ACROSS_FILESYSTEM not set).
2025-03-30 05:11:56.246 [info] > git rev-parse --show-toplevel [114ms]
2025-03-30 05:11:56.246 [info] fatal: not a git repository (or any parent up to mount point /)
Stopping at filesystem boundary (GIT_DISCOVERY_ACROSS_FILESYSTEM not set).
2025-03-30 05:11:56.251 [info] [Model][doInitialScan] Initial repository scan completed - repositories (0), closed repositories (0), parent repositories (0), unsafe repositories (0)
2025-03-30 05:12:32.746 [info] > git rev-parse --show-toplevel [4ms]
2025-03-30 05:12:32.746 [info] fatal: not a git repository (or any parent up to mount point /)
Stopping at filesystem boundary (GIT_DISCOVERY_ACROSS_FILESYSTEM not set).
2025-03-30 05:13:11.439 [info] > git rev-parse --show-toplevel [2ms]
2025-03-30 05:13:11.440 [info] fatal: not a git repository (or any parent up to mount point /)
Stopping at filesystem boundary (GIT_DISCOVERY_ACROSS_FILESYSTEM not set).
2025-03-30 05:13:25.664 [info] > git rev-parse --show-toplevel [3ms]
2025-03-30 05:13:25.664 [info] fatal: not a git repository (or any parent up to mount point /)
Stopping at filesystem boundary (GIT_DISCOVERY_ACROSS_FILESYSTEM not set).
2025-03-30 05:14:35.647 [info] > git rev-parse --show-toplevel [2ms]
2025-03-30 05:14:35.648 [info] fatal: not a git repository (or any parent up to mount point /)
Stopping at filesystem boundary (GIT_DISCOVERY_ACROSS_FILESYSTEM not set).
2025-03-30 05:14:36.584 [info] > git rev-parse --show-toplevel [6ms]
2025-03-30 05:14:36.584 [info] fatal: not a git repository (or any parent up to mount point /)
Stopping at filesystem boundary (GIT_DISCOVERY_ACROSS_FILESYSTEM not set).
2025-03-30 05:14:45.581 [info] > git rev-parse --show-toplevel [5ms]
2025-03-30 05:14:45.581 [info] fatal: not a git repository (or any parent up to mount point /)
Stopping at filesystem boundary (GIT_DISCOVERY_ACROSS_FILESYSTEM not set).
2025-03-30 05:15:01.333 [info] > git rev-parse --show-toplevel [3ms]
2025-03-30 05:15:01.333 [info] fatal: not a git repository (or any parent up to mount point /)
Stopping at filesystem boundary (GIT_DISCOVERY_ACROSS_FILESYSTEM not set).
2025-03-30 05:33:58.139 [info] > git rev-parse --show-toplevel [3ms]
2025-03-30 05:33:58.139 [info] fatal: not a git repository (or any parent up to mount point /)
Stopping at filesystem boundary (GIT_DISCOVERY_ACROSS_FILESYSTEM not set).
2025-03-30 05:34:26.718 [info] > git rev-parse --show-toplevel [4ms]
2025-03-30 05:34:26.718 [info] fatal: not a git repository (or any parent up to mount point /)
Stopping at filesystem boundary (GIT_DISCOVERY_ACROSS_FILESYSTEM not set).
2025-03-30 05:36:25.339 [info] > git rev-parse --show-toplevel [6ms]
2025-03-30 05:36:25.339 [info] fatal: not a git repository (or any parent up to mount point /)
Stopping at filesystem boundary (GIT_DISCOVERY_ACROSS_FILESYSTEM not set).
2025-03-30 05:40:49.805 [info] > git rev-parse --show-toplevel [2ms]
2025-03-30 05:40:49.805 [info] fatal: not a git repository (or any parent up to mount point /)
Stopping at filesystem boundary (GIT_DISCOVERY_ACROSS_FILESYSTEM not set).
2025-03-30 05:42:42.217 [info] > git rev-parse --show-toplevel [2ms]
2025-03-30 05:42:42.217 [info] fatal: not a git repository (or any parent up to mount point /)
Stopping at filesystem boundary (GIT_DISCOVERY_ACROSS_FILESYSTEM not set).
2025-03-30 05:43:50.140 [info] > git rev-parse --show-toplevel [3ms]
2025-03-30 05:43:50.140 [info] fatal: not a git repository (or any parent up to mount point /)
Stopping at filesystem boundary (GIT_DISCOVERY_ACROSS_FILESYSTEM not set).
2025-03-30 05:44:29.261 [info] > git rev-parse --show-toplevel [6ms]
2025-03-30 05:44:29.261 [info] fatal: not a git repository (or any parent up to mount point /)
Stopping at filesystem boundary (GIT_DISCOVERY_ACROSS_FILESYSTEM not set).
2025-03-30 05:56:05.854 [info] > git rev-parse --show-toplevel [2ms]
2025-03-30 05:56:05.854 [info] fatal: not a git repository (or any parent up to mount point /)
Stopping at filesystem boundary (GIT_DISCOVERY_ACROSS_FILESYSTEM not set).
2025-03-30 05:58:28.229 [info] > git rev-parse --show-toplevel [4ms]
2025-03-30 05:58:28.229 [info] fatal: not a git repository (or any parent up to mount point /)
Stopping at filesystem boundary (GIT_DISCOVERY_ACROSS_FILESYSTEM not set).
2025-03-30 06:11:09.988 [info] > git rev-parse --show-toplevel [5ms]
2025-03-30 06:11:09.988 [info] fatal: not a git repository (or any parent up to mount point /)
Stopping at filesystem boundary (GIT_DISCOVERY_ACROSS_FILESYSTEM not set).
2025-03-30 06:22:02.531 [info] > git rev-parse --show-toplevel [3ms]
2025-03-30 06:22:02.531 [info] fatal: not a git repository (or any parent up to mount point /)
Stopping at filesystem boundary (GIT_DISCOVERY_ACROSS_FILESYSTEM not set).
2025-03-30 06:23:01.602 [info] > git rev-parse --show-toplevel [3ms]
2025-03-30 06:23:01.603 [info] fatal: not a git repository (or any parent up to mount point /)
Stopping at filesystem boundary (GIT_DISCOVERY_ACROSS_FILESYSTEM not set).
2025-03-30 06:28:51.472 [info] > git rev-parse --show-toplevel [4ms]
2025-03-30 06:28:51.472 [info] fatal: not a git repository (or any parent up to mount point /)
Stopping at filesystem boundary (GIT_DISCOVERY_ACROSS_FILESYSTEM not set).
2025-03-30 06:30:32.810 [info] > git rev-parse --show-toplevel [4ms]
2025-03-30 06:30:32.810 [info] fatal: not a git repository (or any parent up to mount point /)
Stopping at filesystem boundary (GIT_DISCOVERY_ACROSS_FILESYSTEM not set).
2025-03-30 06:39:02.072 [info] > git rev-parse --show-toplevel [3ms]
2025-03-30 06:39:02.072 [info] fatal: not a git repository (or any parent up to mount point /)
Stopping at filesystem boundary (GIT_DISCOVERY_ACROSS_FILESYSTEM not set).
2025-03-30 06:44:22.307 [info] > git rev-parse --show-toplevel [4ms]
2025-03-30 06:44:22.307 [info] fatal: not a git repository (or any parent up to mount point /)
Stopping at filesystem boundary (GIT_DISCOVERY_ACROSS_FILESYSTEM not set).
2025-03-30 06:44:45.627 [info] > git rev-parse --show-toplevel [2ms]
2025-03-30 06:44:45.627 [info] fatal: not a git repository (or any parent up to mount point /)
Stopping at filesystem boundary (GIT_DISCOVERY_ACROSS_FILESYSTEM not set).
2025-03-30 06:51:04.598 [info] > git rev-parse --show-toplevel [6ms]
2025-03-30 06:51:04.598 [info] fatal: not a git repository (or any parent up to mount point /)
Stopping at filesystem boundary (GIT_DISCOVERY_ACROSS_FILESYSTEM not set).
2025-03-30 06:51:51.975 [info] > git rev-parse --show-toplevel [2ms]
2025-03-30 06:51:51.975 [info] fatal: not a git repository (or any parent up to mount point /)
Stopping at filesystem boundary (GIT_DISCOVERY_ACROSS_FILESYSTEM not set).
2025-03-30 06:52:01.056 [info] > git rev-parse --show-toplevel [3ms]
2025-03-30 06:52:01.056 [info] fatal: not a git repository (or any parent up to mount point /)
Stopping at filesystem boundary (GIT_DISCOVERY_ACROSS_FILESYSTEM not set).
2025-03-30 07:05:24.361 [info] > git rev-parse --show-toplevel [5ms]
2025-03-30 07:05:24.361 [info] fatal: not a git repository (or any parent up to mount point /)
Stopping at filesystem boundary (GIT_DISCOVERY_ACROSS_FILESYSTEM not set).
2025-03-30 07:19:31.683 [info] > git rev-parse --show-toplevel [4ms]
2025-03-30 07:19:31.683 [info] fatal: not a git repository (or any parent up to mount point /)
Stopping at filesystem boundary (GIT_DISCOVERY_ACROSS_FILESYSTEM not set).
2025-03-30 07:22:36.787 [info] > git rev-parse --show-toplevel [2ms]
2025-03-30 07:22:36.787 [info] fatal: not a git repository (or any parent up to mount point /)
Stopping at filesystem boundary (GIT_DISCOVERY_ACROSS_FILESYSTEM not set).
2025-03-30 07:29:08.164 [info] > git rev-parse --show-toplevel [4ms]
2025-03-30 07:29:08.164 [info] fatal: not a git repository (or any parent up to mount point /)
Stopping at filesystem boundary (GIT_DISCOVERY_ACROSS_FILESYSTEM not set).
