2025-03-30 17:03:14.678 [info] WARNING:pygls.protocol.json_rpc:Cancel notification for unknown message id "3"

2025-03-30 17:04:08.204 [info] WARNING:pygls.protocol.json_rpc:Cancel notification for unknown message id "20"

2025-03-30 17:07:02.873 [info] WARNING:pygls.protocol.json_rpc:Cancel notification for unknown message id "29"

2025-03-30 17:07:26.684 [info] WARNING:pygls.protocol.json_rpc:Cancel notification for unknown message id "42"

2025-03-30 17:07:26.688 [info] WARNING:pygls.protocol.json_rpc:Cancel notification for unknown message id "43"

2025-03-30 17:25:17.754 [info] WARNING:pygls.protocol.json_rpc:Cancel notification for unknown message id "155"

2025-03-30 17:26:00.610 [info] WARNING:pygls.protocol.json_rpc:Cancel notification for unknown message id "210"

2025-03-30 17:27:23.552 [info] WARNING:pygls.protocol.json_rpc:Cancel notification for unknown message id "312"

2025-03-30 17:30:44.576 [info] WARNING:pygls.protocol.json_rpc:Cancel notification for unknown message id "345"

2025-03-30 17:30:44.632 [info] WARNING:pygls.protocol.json_rpc:Cancel notification for unknown message id "346"

2025-03-30 17:40:03.882 [info] WARNING:pygls.protocol.json_rpc:Cancel notification for unknown message id "364"

2025-03-30 17:40:03.947 [info] WARNING:pygls.protocol.json_rpc:Cancel notification for unknown message id "365"

2025-03-30 17:43:14.234 [info] WARNING:pygls.protocol.json_rpc:Cancel notification for unknown message id "380"

2025-03-30 17:43:16.572 [info] WARNING:pygls.protocol.json_rpc:Cancel notification for unknown message id "381"

2025-03-30 17:43:16.587 [info] WARNING:pygls.protocol.json_rpc:Cancel notification for unknown message id "382"

2025-03-30 17:43:16.601 [info] WARNING:pygls.protocol.json_rpc:Cancel notification for unknown message id "383"

2025-03-30 17:43:31.547 [info] WARNING:pygls.protocol.json_rpc:Cancel notification for unknown message id "396"

2025-03-30 17:43:31.548 [info] WARNING:pygls.protocol.json_rpc:Cancel notification for unknown message id "397"

2025-03-30 17:43:33.661 [info] WARNING:pygls.protocol.json_rpc:Cancel notification for unknown message id "400"

2025-03-30 17:49:07.890 [info] WARNING:pygls.protocol.json_rpc:Cancel notification for unknown message id "445"

2025-03-30 17:51:56.530 [info] WARNING:pygls.protocol.json_rpc:Cancel notification for unknown message id "457"

2025-03-30 17:56:06.247 [info] ERROR:pygls.protocol.json_rpc:Failed to handle request 463 textDocument/hover HoverParams(text_document=TextDocumentIdentifier(uri='file:///home/sandyaa2004/Try2/newtry'), position=1:17, work_done_token=None)
Traceback (most recent call last):
  File "/google/devshell/editor/code-oss-for-cloud-shell/extensions/ms-python.python/python_files/lib/jedilsp/pygls/protocol/json_rpc.py", line 266, in _handle_request
    self._execute_request(msg_id, handler, params)
  File "/google/devshell/editor/code-oss-for-cloud-shell/extensions/ms-python.python/python_files/lib/jedilsp/pygls/protocol/json_rpc.py", line 188, in _execute_request
    self._send_response(msg_id, handler(params))
                                ^^^^^^^^^^^^^^^
  File "/google/devshell/editor/code-oss-for-cloud-shell/extensions/ms-python.python/python_files/lib/jedilsp/jedi_language_server/server.py", line 402, in hover
    hover_text = jedi_utils.hover_text(
                 ^^^^^^^^^^^^^^^^^^^^^^
  File "/google/devshell/editor/code-oss-for-cloud-shell/extensions/ms-python.python/python_files/lib/jedilsp/jedi_language_server/jedi_utils.py", line 657, in hover_text
    if _hover_ignore(name, initialization_options):
       ^^^^^^^^^^^^^^^^^^^^^^^^^^^^^^^^^^^^^^^^^^^
  File "/google/devshell/editor/code-oss-for-cloud-shell/extensions/ms-python.python/python_files/lib/jedilsp/jedi_language_server/jedi_utils.py", line 638, in _hover_ignore
    ignore_type: HoverDisableOptions = getattr(
                                       ^^^^^^^^
AttributeError: 'HoverDisable' object has no attribute 'namespace_'

2025-03-30 17:56:06.251 [info] [Error - 5:56:06 PM] Request textDocument/hover failed.
2025-03-30 17:56:06.251 [info]   Message: AttributeError: 'HoverDisable' object has no attribute 'namespace_'
  Code: -32603 
[object Object]
2025-03-30 17:59:40.119 [info] WARNING:pygls.protocol.json_rpc:Cancel notification for unknown message id "501"

2025-03-30 17:59:50.274 [info] WARNING:pygls.protocol.json_rpc:Cancel notification for unknown message id "509"

2025-03-30 17:59:50.275 [info] WARNING:pygls.protocol.json_rpc:Cancel notification for unknown message id "508"

2025-03-30 17:59:50.288 [info] WARNING:pygls.protocol.json_rpc:Cancel notification for unknown message id "510"

2025-03-30 18:03:53.254 [info] WARNING:pygls.protocol.json_rpc:Cancel notification for unknown message id "528"

2025-03-30 18:06:37.078 [info] WARNING:pygls.protocol.json_rpc:Cancel notification for unknown message id "660"

2025-03-30 18:06:37.357 [info] WARNING:pygls.protocol.json_rpc:Cancel notification for unknown message id "661"

2025-03-30 18:10:47.651 [info] WARNING:pygls.protocol.json_rpc:Cancel notification for unknown message id "801"

