2025-03-30 17:02:57.180 [warning] Dir "/home/sandyaa2004/.pixi/envs" is not watchable (directory does not exist)
2025-03-30 17:02:57.406 [info] Python interpreter path: /bin/python
2025-03-30 17:02:57.688 [info] > pyenv which python
2025-03-30 17:02:57.688 [info] cwd: .
2025-03-30 17:03:01.137 [info] Starting Jedi language server for sandyaa2004.
2025-03-30 17:03:42.226 [info] CreateEnv Trigger - Skipping for /home/sandyaa2004/Try2/new.py
2025-03-30 17:03:42.681 [info] Send text to terminal: /bin/python /home/sandyaa2004/Try2/new.py
2025-03-30 17:12:45.351 [info] Discover tests for workspace name: sandyaa2004 - uri: /home/sandyaa2004/Try2/new.py
2025-03-30 17:12:53.007 [info] Discover tests for workspace name: sandyaa2004 - uri: /home/sandyaa2004/Try2/new.py
2025-03-30 17:25:21.126 [info] Discover tests for workspace name: sandyaa2004 - uri: /home/sandyaa2004/Try2/new.py
2025-03-30 17:25:40.042 [info] Discover tests for workspace name: sandyaa2004 - uri: /home/sandyaa2004/Try2/new.py
2025-03-30 17:25:41.383 [info] Discover tests for workspace name: sandyaa2004 - uri: /home/sandyaa2004/Try2/new.py
2025-03-30 17:26:04.879 [info] Discover tests for workspace name: sandyaa2004 - uri: /home/sandyaa2004/Try2/new.py
2025-03-30 17:26:11.368 [info] Discover tests for workspace name: sandyaa2004 - uri: /home/sandyaa2004/Try2/new.py
2025-03-30 17:26:24.936 [info] Discover tests for workspace name: sandyaa2004 - uri: /home/sandyaa2004/Try2/new.py
2025-03-30 17:27:18.071 [info] Discover tests for workspace name: sandyaa2004 - uri: /home/sandyaa2004/Try2/new.py
2025-03-30 17:27:29.999 [info] Discover tests for workspace name: sandyaa2004 - uri: /home/sandyaa2004/Try2/new.py
2025-03-30 18:05:09.259 [info] Discover tests for workspace name: sandyaa2004 - uri: /home/sandyaa2004/Try2/vertex_rag.py
2025-03-30 18:06:11.519 [info] Discover tests for workspace name: sandyaa2004 - uri: /home/sandyaa2004/Try2/new.py
2025-03-30 18:06:15.230 [info] Discover tests for workspace name: sandyaa2004 - uri: /home/sandyaa2004/Try2/new.py
2025-03-30 18:06:18.639 [info] Discover tests for workspace name: sandyaa2004 - uri: /home/sandyaa2004/Try2/new.py
2025-03-30 18:06:21.689 [info] Discover tests for workspace name: sandyaa2004 - uri: /home/sandyaa2004/Try2/new.py
2025-03-30 18:06:22.815 [info] Discover tests for workspace name: sandyaa2004 - uri: /home/sandyaa2004/Try2/new.py
2025-03-30 18:06:27.739 [info] Discover tests for workspace name: sandyaa2004 - uri: /home/sandyaa2004/Try2/new.py
2025-03-30 18:06:31.476 [info] Discover tests for workspace name: sandyaa2004 - uri: /home/sandyaa2004/Try2/new.py
2025-03-30 18:06:37.507 [info] Discover tests for workspace name: sandyaa2004 - uri: /home/sandyaa2004/Try2/new.py
2025-03-30 18:06:40.631 [info] Discover tests for workspace name: sandyaa2004 - uri: /home/sandyaa2004/Try2/new.py
2025-03-30 18:06:45.802 [info] Discover tests for workspace name: sandyaa2004 - uri: /home/sandyaa2004/Try2/new.py
2025-03-30 18:06:58.119 [info] Discover tests for workspace name: sandyaa2004 - uri: /home/sandyaa2004/Try2/new.py
2025-03-30 18:07:01.143 [info] Discover tests for workspace name: sandyaa2004 - uri: /home/sandyaa2004/Try2/new.py
2025-03-30 18:07:03.354 [info] Discover tests for workspace name: sandyaa2004 - uri: /home/sandyaa2004/Try2/new.py
2025-03-30 18:07:05.282 [info] Discover tests for workspace name: sandyaa2004 - uri: /home/sandyaa2004/Try2/new.py
2025-03-30 18:07:10.186 [info] Discover tests for workspace name: sandyaa2004 - uri: /home/sandyaa2004/Try2/new.py
2025-03-30 18:07:14.546 [info] Discover tests for workspace name: sandyaa2004 - uri: /home/sandyaa2004/Try2/new.py
2025-03-30 18:07:15.638 [info] Discover tests for workspace name: sandyaa2004 - uri: /home/sandyaa2004/Try2/new.py
2025-03-30 18:07:20.603 [info] Discover tests for workspace name: sandyaa2004 - uri: /home/sandyaa2004/Try2/new.py
2025-03-30 18:07:58.991 [info] Discover tests for workspace name: sandyaa2004 - uri: /home/sandyaa2004/vertex_rag.py
