2025-03-29 11:14:00.770 [warning] Dir "/home/sandyaa2004/.pixi/envs" is not watchable (directory does not exist)
2025-03-29 11:14:00.770 [info] Starting Environment refresh
2025-03-29 11:14:00.770 [info] Searching for interpreters in posix paths locator
2025-03-29 11:14:00.770 [info] Searching for pyenv environments
2025-03-29 11:14:00.770 [info] Searching for conda environments
2025-03-29 11:14:00.770 [info] Searching for global virtual environments
2025-03-29 11:14:00.770 [info] Searching for custom virtual environments
2025-03-29 11:14:00.770 [info] pyenv is not installed
2025-03-29 11:14:00.770 [info] Finished searching for pyenv environments: 18 milliseconds
2025-03-29 11:14:00.770 [info] Finished searching for custom virtual envs: 17 milliseconds
2025-03-29 11:14:00.770 [info] > conda info --json
2025-03-29 11:14:00.770 [info] > hatch env show --json
2025-03-29 11:14:00.770 [info] cwd: .
2025-03-29 11:14:00.770 [info] > pyenv which python
2025-03-29 11:14:00.770 [info] cwd: .
2025-03-29 11:14:00.770 [info] Finished searching for global virtual envs: 52 milliseconds
2025-03-29 11:14:00.771 [info] Found: /bin/python --> /bin/python3.12
2025-03-29 11:14:00.772 [info] Found: /bin/python3 --> /bin/python3.12
2025-03-29 11:14:00.772 [info] Found: /bin/python3.12 --> /bin/python3.12
2025-03-29 11:14:00.788 [info] Found: /usr/bin/python --> /usr/bin/python3.12
2025-03-29 11:14:00.788 [info] Found: /usr/bin/python3 --> /usr/bin/python3.12
2025-03-29 11:14:00.788 [info] Found: /usr/bin/python3.12 --> /usr/bin/python3.12
2025-03-29 11:14:00.826 [info] Finished searching for interpreters in posix paths locator: 120 milliseconds
2025-03-29 11:14:00.826 [info] > /bin/python -I /google/devshell/editor/code-oss-for-cloud-shell/extensions/ms-python.python/python_files/get_output_via_markers.py /google/devshell/editor/code-oss-for-cloud-shell/extensions/ms-python.python/python_files/interpreterInfo.py
2025-03-29 11:14:00.855 [info] > /usr/bin/python -I /google/devshell/editor/code-oss-for-cloud-shell/extensions/ms-python.python/python_files/get_output_via_markers.py /google/devshell/editor/code-oss-for-cloud-shell/extensions/ms-python.python/python_files/interpreterInfo.py
2025-03-29 11:14:00.855 [info] Environments refresh paths discovered (event): 157 milliseconds
2025-03-29 11:14:00.855 [info] Environments refresh paths discovered: 157 milliseconds
2025-03-29 11:14:00.965 [info] Environments refresh finished (event): 267 milliseconds
2025-03-29 11:14:00.976 [info] Environment refresh took 278 milliseconds
2025-03-29 11:14:00.981 [info] Python interpreter path: /bin/python
2025-03-29 11:14:03.787 [info] Starting Jedi language server for sandyaa2004.
2025-03-29 11:14:16.707 [info] Discover tests for workspace name: sandyaa2004 - uri: /home/sandyaa2004/rag_setup.py
2025-03-29 11:14:31.968 [info] Discover tests for workspace name: sandyaa2004 - uri: /home/sandyaa2004/rag_setup.py
2025-03-29 11:14:42.443 [info] Discover tests for workspace name: sandyaa2004 - uri: /home/sandyaa2004/rag_setup.py
2025-03-29 11:15:01.925 [info] Discover tests for workspace name: sandyaa2004 - uri: /home/sandyaa2004/rag_setup.py
2025-03-29 11:18:29.165 [info] CreateEnv Trigger - Skipping for /home/sandyaa2004/rag_setup.py
2025-03-29 11:18:29.666 [info] Send text to terminal: /bin/python /home/sandyaa2004/rag_setup.py
2025-03-29 11:18:47.400 [info] Discover tests for workspace name: sandyaa2004 - uri: /home/sandyaa2004/rag_setup.py
