2025-03-29 17:34:09.195 [info] [main] Log level: Info
2025-03-29 17:34:09.195 [info] [main] Validating found git in: "git"
2025-03-29 17:34:09.195 [info] [main] Using git "2.43.0" from "git"
2025-03-29 17:34:09.195 [info] [Model][doInitialScan] Initial repository scan started
2025-03-29 17:34:09.195 [info] > git rev-parse --show-toplevel [20ms]
2025-03-29 17:34:09.195 [info] fatal: not a git repository (or any parent up to mount point /)
Stopping at filesystem boundary (GIT_DISCOVERY_ACROSS_FILESYSTEM not set).
2025-03-29 17:34:09.195 [info] > git rev-parse --show-toplevel [50ms]
2025-03-29 17:34:09.195 [info] fatal: not a git repository (or any parent up to mount point /)
Stopping at filesystem boundary (GIT_DISCOVERY_ACROSS_FILESYSTEM not set).
2025-03-29 17:34:09.239 [info] > git rev-parse --show-toplevel [68ms]
2025-03-29 17:34:09.240 [info] fatal: not a git repository (or any parent up to mount point /)
Stopping at filesystem boundary (GIT_DISCOVERY_ACROSS_FILESYSTEM not set).
2025-03-29 17:34:09.885 [info] > git rev-parse --show-toplevel [109ms]
2025-03-29 17:34:09.885 [info] fatal: not a git repository (or any parent up to mount point /)
Stopping at filesystem boundary (GIT_DISCOVERY_ACROSS_FILESYSTEM not set).
2025-03-29 17:34:09.944 [info] > git rev-parse --show-toplevel [21ms]
2025-03-29 17:34:09.944 [info] fatal: not a git repository (or any parent up to mount point /)
Stopping at filesystem boundary (GIT_DISCOVERY_ACROSS_FILESYSTEM not set).
2025-03-29 17:34:10.105 [info] > git rev-parse --show-toplevel [130ms]
2025-03-29 17:34:10.105 [info] fatal: not a git repository (or any parent up to mount point /)
Stopping at filesystem boundary (GIT_DISCOVERY_ACROSS_FILESYSTEM not set).
2025-03-29 17:34:10.155 [info] > git rev-parse --show-toplevel [24ms]
2025-03-29 17:34:10.155 [info] fatal: not a git repository (or any parent up to mount point /)
Stopping at filesystem boundary (GIT_DISCOVERY_ACROSS_FILESYSTEM not set).
2025-03-29 17:34:10.180 [info] > git rev-parse --show-toplevel [2ms]
2025-03-29 17:34:10.180 [info] fatal: not a git repository (or any parent up to mount point /)
Stopping at filesystem boundary (GIT_DISCOVERY_ACROSS_FILESYSTEM not set).
2025-03-29 17:34:10.625 [info] > git rev-parse --show-toplevel [236ms]
2025-03-29 17:34:10.625 [info] fatal: not a git repository (or any parent up to mount point /)
Stopping at filesystem boundary (GIT_DISCOVERY_ACROSS_FILESYSTEM not set).
2025-03-29 17:34:10.664 [info] > git rev-parse --show-toplevel [8ms]
2025-03-29 17:34:10.667 [info] fatal: not a git repository (or any parent up to mount point /)
Stopping at filesystem boundary (GIT_DISCOVERY_ACROSS_FILESYSTEM not set).
2025-03-29 17:34:10.807 [info] > git rev-parse --show-toplevel [86ms]
2025-03-29 17:34:10.808 [info] fatal: not a git repository (or any parent up to mount point /)
Stopping at filesystem boundary (GIT_DISCOVERY_ACROSS_FILESYSTEM not set).
2025-03-29 17:34:10.809 [info] [Model][doInitialScan] Initial repository scan completed - repositories (0), closed repositories (0), parent repositories (0), unsafe repositories (0)
2025-03-29 17:41:56.270 [info] > git rev-parse --show-toplevel [9ms]
2025-03-29 17:41:56.270 [info] fatal: not a git repository (or any parent up to mount point /)
Stopping at filesystem boundary (GIT_DISCOVERY_ACROSS_FILESYSTEM not set).
2025-03-29 17:42:10.432 [info] > git rev-parse --show-toplevel [7ms]
2025-03-29 17:42:10.433 [info] fatal: not a git repository (or any parent up to mount point /)
Stopping at filesystem boundary (GIT_DISCOVERY_ACROSS_FILESYSTEM not set).
2025-03-29 17:42:32.670 [info] > git rev-parse --show-toplevel [5ms]
2025-03-29 17:42:32.670 [info] fatal: not a git repository (or any parent up to mount point /)
Stopping at filesystem boundary (GIT_DISCOVERY_ACROSS_FILESYSTEM not set).
2025-03-29 17:42:43.524 [info] > git rev-parse --show-toplevel [3ms]
2025-03-29 17:42:43.525 [info] fatal: not a git repository (or any parent up to mount point /)
Stopping at filesystem boundary (GIT_DISCOVERY_ACROSS_FILESYSTEM not set).
2025-03-29 17:45:05.079 [info] > git rev-parse --show-toplevel [3ms]
2025-03-29 17:45:05.080 [info] fatal: not a git repository (or any parent up to mount point /)
Stopping at filesystem boundary (GIT_DISCOVERY_ACROSS_FILESYSTEM not set).
2025-03-29 17:46:46.627 [info] > git rev-parse --show-toplevel [42ms]
2025-03-29 17:46:46.628 [info] fatal: not a git repository (or any parent up to mount point /)
Stopping at filesystem boundary (GIT_DISCOVERY_ACROSS_FILESYSTEM not set).
2025-03-29 17:49:18.759 [info] > git rev-parse --show-toplevel [3ms]
2025-03-29 17:49:18.759 [info] fatal: not a git repository (or any parent up to mount point /)
Stopping at filesystem boundary (GIT_DISCOVERY_ACROSS_FILESYSTEM not set).
2025-03-29 17:56:10.085 [info] > git rev-parse --show-toplevel [6ms]
2025-03-29 17:56:10.086 [info] fatal: not a git repository (or any parent up to mount point /)
Stopping at filesystem boundary (GIT_DISCOVERY_ACROSS_FILESYSTEM not set).
2025-03-29 17:56:10.099 [info] > git rev-parse --show-toplevel [2ms]
2025-03-29 17:56:10.099 [info] fatal: not a git repository (or any parent up to mount point /)
Stopping at filesystem boundary (GIT_DISCOVERY_ACROSS_FILESYSTEM not set).
2025-03-29 17:56:10.503 [info] > git rev-parse --show-toplevel [4ms]
2025-03-29 17:56:10.503 [info] fatal: not a git repository (or any parent up to mount point /)
Stopping at filesystem boundary (GIT_DISCOVERY_ACROSS_FILESYSTEM not set).
2025-03-29 17:56:51.088 [info] > git rev-parse --show-toplevel [5ms]
2025-03-29 17:56:51.088 [info] fatal: not a git repository (or any parent up to mount point /)
Stopping at filesystem boundary (GIT_DISCOVERY_ACROSS_FILESYSTEM not set).
2025-03-29 17:56:51.106 [info] > git rev-parse --show-toplevel [3ms]
2025-03-29 17:56:51.106 [info] fatal: not a git repository (or any parent up to mount point /)
Stopping at filesystem boundary (GIT_DISCOVERY_ACROSS_FILESYSTEM not set).
2025-03-29 17:59:10.510 [info] > git rev-parse --show-toplevel [3ms]
2025-03-29 17:59:10.510 [info] fatal: not a git repository (or any parent up to mount point /)
Stopping at filesystem boundary (GIT_DISCOVERY_ACROSS_FILESYSTEM not set).
2025-03-29 17:59:10.529 [info] > git rev-parse --show-toplevel [4ms]
2025-03-29 17:59:10.529 [info] fatal: not a git repository (or any parent up to mount point /)
Stopping at filesystem boundary (GIT_DISCOVERY_ACROSS_FILESYSTEM not set).
2025-03-29 17:59:42.708 [info] > git rev-parse --show-toplevel [4ms]
2025-03-29 17:59:42.708 [info] fatal: not a git repository (or any parent up to mount point /)
Stopping at filesystem boundary (GIT_DISCOVERY_ACROSS_FILESYSTEM not set).
2025-03-29 17:59:42.727 [info] > git rev-parse --show-toplevel [4ms]
2025-03-29 17:59:42.727 [info] fatal: not a git repository (or any parent up to mount point /)
Stopping at filesystem boundary (GIT_DISCOVERY_ACROSS_FILESYSTEM not set).
2025-03-29 18:28:13.683 [info] > git rev-parse --show-toplevel [7ms]
2025-03-29 18:28:13.683 [info] fatal: not a git repository (or any parent up to mount point /)
Stopping at filesystem boundary (GIT_DISCOVERY_ACROSS_FILESYSTEM not set).
2025-03-29 18:28:32.080 [info] > git rev-parse --show-toplevel [3ms]
2025-03-29 18:28:32.080 [info] fatal: not a git repository (or any parent up to mount point /)
Stopping at filesystem boundary (GIT_DISCOVERY_ACROSS_FILESYSTEM not set).
2025-03-29 18:28:37.661 [info] > git rev-parse --show-toplevel [4ms]
2025-03-29 18:28:37.661 [info] fatal: not a git repository (or any parent up to mount point /)
Stopping at filesystem boundary (GIT_DISCOVERY_ACROSS_FILESYSTEM not set).
2025-03-29 18:28:50.210 [info] > git rev-parse --show-toplevel [4ms]
2025-03-29 18:28:50.210 [info] fatal: not a git repository (or any parent up to mount point /)
Stopping at filesystem boundary (GIT_DISCOVERY_ACROSS_FILESYSTEM not set).
2025-03-29 18:31:51.298 [info] > git rev-parse --show-toplevel [2ms]
2025-03-29 18:31:51.298 [info] fatal: not a git repository (or any parent up to mount point /)
Stopping at filesystem boundary (GIT_DISCOVERY_ACROSS_FILESYSTEM not set).
2025-03-29 18:35:21.132 [info] > git rev-parse --show-toplevel [3ms]
2025-03-29 18:35:21.132 [info] fatal: not a git repository (or any parent up to mount point /)
Stopping at filesystem boundary (GIT_DISCOVERY_ACROSS_FILESYSTEM not set).
2025-03-29 18:35:31.135 [info] > git rev-parse --show-toplevel [2ms]
2025-03-29 18:35:31.135 [info] fatal: not a git repository (or any parent up to mount point /)
Stopping at filesystem boundary (GIT_DISCOVERY_ACROSS_FILESYSTEM not set).
2025-03-29 18:35:52.730 [info] > git rev-parse --show-toplevel [2ms]
2025-03-29 18:35:52.730 [info] fatal: not a git repository (or any parent up to mount point /)
Stopping at filesystem boundary (GIT_DISCOVERY_ACROSS_FILESYSTEM not set).
2025-03-29 18:36:05.379 [info] > git rev-parse --show-toplevel [3ms]
2025-03-29 18:36:05.380 [info] fatal: not a git repository (or any parent up to mount point /)
Stopping at filesystem boundary (GIT_DISCOVERY_ACROSS_FILESYSTEM not set).
2025-03-29 18:36:22.750 [info] > git rev-parse --show-toplevel [4ms]
2025-03-29 18:36:22.750 [info] fatal: not a git repository (or any parent up to mount point /)
Stopping at filesystem boundary (GIT_DISCOVERY_ACROSS_FILESYSTEM not set).
2025-03-29 18:36:26.185 [info] > git rev-parse --show-toplevel [2ms]
2025-03-29 18:36:26.185 [info] fatal: not a git repository (or any parent up to mount point /)
Stopping at filesystem boundary (GIT_DISCOVERY_ACROSS_FILESYSTEM not set).
2025-03-29 18:36:45.654 [info] > git rev-parse --show-toplevel [5ms]
2025-03-29 18:36:45.654 [info] fatal: not a git repository (or any parent up to mount point /)
Stopping at filesystem boundary (GIT_DISCOVERY_ACROSS_FILESYSTEM not set).
2025-03-29 18:59:11.405 [info] > git rev-parse --show-toplevel [3ms]
2025-03-29 18:59:11.405 [info] fatal: not a git repository (or any parent up to mount point /)
Stopping at filesystem boundary (GIT_DISCOVERY_ACROSS_FILESYSTEM not set).
2025-03-29 18:59:33.952 [info] > git rev-parse --show-toplevel [5ms]
2025-03-29 18:59:33.952 [info] fatal: not a git repository (or any parent up to mount point /)
Stopping at filesystem boundary (GIT_DISCOVERY_ACROSS_FILESYSTEM not set).
