2025-03-30 05:11:47.490 [info] Extension host with pid 1214 started
2025-03-30 05:11:47.558 [error] Error: EEXIST: file already exists, open '/home/sandyaa2004/.codeoss/data/User/workspaceStorage/62bec47d/vscode.lock'
2025-03-30 05:11:47.570 [info] Lock '/home/sandyaa2004/.codeoss/data/User/workspaceStorage/62bec47d/vscode.lock': Could not acquire lock, checking if the file is stale.
2025-03-30 05:11:47.571 [info] Lock '/home/sandyaa2004/.codeoss/data/User/workspaceStorage/62bec47d/vscode.lock': The pid 76205 appears to be gone.
2025-03-30 05:11:47.571 [info] Lock '/home/sandyaa2004/.codeoss/data/User/workspaceStorage/62bec47d/vscode.lock': Deleting a stale lock.
2025-03-30 05:11:47.582 [info] Lock '/home/sandyaa2004/.codeoss/data/User/workspaceStorage/62bec47d/vscode.lock': Lock acquired.
2025-03-30 05:11:47.630 [info] ExtensionService#_doActivateExtension vscode.emmet, startup: false, activationEvent: 'onLanguage'
2025-03-30 05:11:47.632 [info] ExtensionService#_doActivateExtension ms-python.python, startup: false, activationEvent: 'onLanguage:python'
2025-03-30 05:11:48.531 [error] Error: spawn /google/devshell/editor/code-oss-for-cloud-shell/extensions/ms-python.python/python-env-tools/bin/pet ENOENT
	at ChildProcess._handle.onexit (node:internal/child_process:286:19)
	at onErrorNT (node:internal/child_process:484:16)
	at process.processTicksAndRejections (node:internal/process/task_queues:82:21)
2025-03-30 05:11:48.717 [info] ExtensionService#_doActivateExtension vscode.git-base, startup: true, activationEvent: '*', root cause: vscode.git
2025-03-30 05:11:48.771 [info] ExtensionService#_doActivateExtension google.cloud-shell, startup: false, activationEvent: 'onTerminalProfile:cloudshell.default'
2025-03-30 05:11:48.820 [info] ExtensionService#_doActivateExtension vscode.git, startup: true, activationEvent: '*'
2025-03-30 05:11:48.820 [info] ExtensionService#_doActivateExtension vscode.github, startup: true, activationEvent: '*'
2025-03-30 05:11:49.351 [info] ExtensionService#_doActivateExtension vscode.configuration-editing, startup: false, activationEvent: 'onLanguage:jsonc'
2025-03-30 05:11:49.352 [info] ExtensionService#_doActivateExtension vscode.json-language-features, startup: false, activationEvent: 'onLanguage:jsonc'
2025-03-30 05:11:49.352 [info] ExtensionService#_doActivateExtension vscode.typescript-language-features, startup: false, activationEvent: 'onLanguage:jsonc'
2025-03-30 05:11:49.610 [info] Eager extensions activated
2025-03-30 05:11:49.611 [info] ExtensionService#_doActivateExtension EditorConfig.EditorConfig, startup: false, activationEvent: 'onStartupFinished'
2025-03-30 05:11:49.612 [info] ExtensionService#_doActivateExtension google.geminicodeassist, startup: false, activationEvent: 'onStartupFinished', root cause: googlecloudtools.cloudcode
2025-03-30 05:11:49.612 [info] ExtensionService#_doActivateExtension vscode.debug-auto-launch, startup: false, activationEvent: 'onStartupFinished'
2025-03-30 05:11:49.612 [info] ExtensionService#_doActivateExtension vscode.merge-conflict, startup: false, activationEvent: 'onStartupFinished'
2025-03-30 05:11:51.395 [info] ExtensionService#_doActivateExtension googlecloudtools.cloudcode, startup: false, activationEvent: 'onStartupFinished'
2025-03-30 06:44:32.836 [error] [ms-python.python] provider FAILED
2025-03-30 06:44:32.836 [error] Error: ValueError: `column` parameter (45) is not in a valid range (0-44) for line 14 ('# 🔹 Set up Google Cloud Storage (GCS) bucket\n').
    at ae (/google/devshell/editor/code-oss-for-cloud-shell/extensions/ms-python.python/out/client/extension.js:2:2049071)
    at oe (/google/devshell/editor/code-oss-for-cloud-shell/extensions/ms-python.python/out/client/extension.js:2:2047031)
    at Immediate.<anonymous> (/google/devshell/editor/code-oss-for-cloud-shell/extensions/ms-python.python/out/client/extension.js:2:2043325)
    at processImmediate (node:internal/timers:483:21)
2025-03-30 06:44:33.061 [error] [ms-python.python] provider FAILED
2025-03-30 06:44:33.061 [error] Error: ValueError: `column` parameter (45) is not in a valid range (0-44) for line 14 ('# 🔹 Set up Google Cloud Storage (GCS) bucket\n').
    at ae (/google/devshell/editor/code-oss-for-cloud-shell/extensions/ms-python.python/out/client/extension.js:2:2049071)
    at oe (/google/devshell/editor/code-oss-for-cloud-shell/extensions/ms-python.python/out/client/extension.js:2:2047031)
    at Immediate.<anonymous> (/google/devshell/editor/code-oss-for-cloud-shell/extensions/ms-python.python/out/client/extension.js:2:2043325)
    at processImmediate (node:internal/timers:483:21)
