2025-03-29 16:39:26.815 [warning] Dir "/home/sandyaa2004/.pixi/envs" is not watchable (directory does not exist)
2025-03-29 16:39:26.949 [info] Python interpreter path: /bin/python
2025-03-29 16:39:27.033 [info] > pyenv which python
2025-03-29 16:39:27.033 [info] cwd: .
2025-03-29 16:39:35.496 [info] Starting Jedi language server for sandyaa2004.
2025-03-29 16:39:59.867 [info] Discover tests for workspace name: sandyaa2004 - uri: /home/sandyaa2004/check_corpora.py
2025-03-29 16:41:18.627 [info] Discover tests for workspace name: sandyaa2004 - uri: /home/sandyaa2004/list_files.py
2025-03-29 16:42:21.558 [info] Discover tests for workspace name: sandyaa2004 - uri: /home/sandyaa2004/retrieve_rag.py
2025-03-29 16:44:26.291 [info] Discover tests for workspace name: sandyaa2004 - uri: /home/sandyaa2004/retrieve_rag.py
2025-03-29 16:44:30.157 [info] Discover tests for workspace name: sandyaa2004 - uri: /home/sandyaa2004/retrieve_rag.py
2025-03-29 16:44:37.175 [info] Discover tests for workspace name: sandyaa2004 - uri: /home/sandyaa2004/retrieve_rag.py
2025-03-29 16:45:46.295 [info] Discover tests for workspace name: sandyaa2004 - uri: /home/sandyaa2004/retrieve_rag.py
2025-03-29 16:45:47.374 [info] Discover tests for workspace name: sandyaa2004 - uri: /home/sandyaa2004/retrieve_rag.py
2025-03-29 16:48:58.282 [info] Discover tests for workspace name: sandyaa2004 - uri: /home/sandyaa2004/retrieve_rag.py
2025-03-29 16:49:54.797 [info] Discover tests for workspace name: sandyaa2004 - uri: /home/sandyaa2004/retrieve_rag.py
2025-03-29 16:54:57.586 [info] CreateEnv Trigger - Skipping for /home/sandyaa2004/retrieve_rag.py
2025-03-29 16:54:58.089 [info] Send text to terminal: /bin/python /home/sandyaa2004/retrieve_rag.py
2025-03-29 16:55:37.229 [info] Discover tests for workspace name: sandyaa2004 - uri: /home/sandyaa2004/retrieve_rag.py
2025-03-29 16:56:20.813 [info] Discover tests for workspace name: sandyaa2004 - uri: /home/sandyaa2004/retrieve_rag.py
2025-03-29 16:58:30.444 [info] Discover tests for workspace name: sandyaa2004 - uri: /home/sandyaa2004/retrieve_rag.py
