2025-03-30 05:13:11.539 [info] WARNING:pygls.protocol.json_rpc:Cancel notification for unknown message id "12"

2025-03-30 05:14:16.000 [info] WARNING:pygls.protocol.json_rpc:Cancel notification for unknown message id "77"

2025-03-30 05:14:16.043 [info] WARNING:pygls.protocol.json_rpc:Cancel notification for unknown message id "81"

2025-03-30 05:17:15.652 [info] WARNING:pygls.protocol.json_rpc:Cancel notification for unknown message id "128"

2025-03-30 05:17:15.673 [info] WARNING:pygls.protocol.json_rpc:Cancel notification for unknown message id "129"

2025-03-30 05:43:53.235 [info] WARNING:pygls.protocol.json_rpc:Cancel notification for unknown message id "168"

2025-03-30 05:43:53.255 [info] WARNING:pygls.protocol.json_rpc:Cancel notification for unknown message id "169"

2025-03-30 05:47:00.626 [info] WARNING:pygls.protocol.json_rpc:Cancel notification for unknown message id "203"

2025-03-30 05:47:00.724 [info] WARNING:pygls.protocol.json_rpc:Cancel notification for unknown message id "204"

2025-03-30 05:52:53.872 [info] WARNING:pygls.protocol.json_rpc:Cancel notification for unknown message id "247"

2025-03-30 05:52:53.898 [info] WARNING:pygls.protocol.json_rpc:Cancel notification for unknown message id "248"

2025-03-30 05:52:53.900 [info] WARNING:pygls.protocol.json_rpc:Cancel notification for unknown message id "249"

2025-03-30 06:03:53.302 [info] WARNING:pygls.protocol.json_rpc:Cancel notification for unknown message id "298"

2025-03-30 06:05:07.748 [info] WARNING:pygls.protocol.json_rpc:Cancel notification for unknown message id "303"
WARNING:pygls.protocol.json_rpc:Cancel notification for unknown message id "302"

2025-03-30 06:05:07.755 [info] WARNING:pygls.protocol.json_rpc:Cancel notification for unknown message id "304"

2025-03-30 06:05:07.784 [info] WARNING:pygls.protocol.json_rpc:Cancel notification for unknown message id "306"

2025-03-30 06:05:07.786 [info] WARNING:pygls.protocol.json_rpc:Cancel notification for unknown message id "305"

2025-03-30 06:05:07.823 [info] WARNING:pygls.protocol.json_rpc:Cancel notification for unknown message id "309"

2025-03-30 06:05:50.232 [info] WARNING:pygls.protocol.json_rpc:Cancel notification for unknown message id "310"

2025-03-30 06:08:13.146 [info] WARNING:pygls.protocol.json_rpc:Cancel notification for unknown message id "324"

2025-03-30 06:08:24.066 [info] WARNING:pygls.protocol.json_rpc:Cancel notification for unknown message id "333"

2025-03-30 06:08:24.575 [info] WARNING:pygls.protocol.json_rpc:Cancel notification for unknown message id "334"

2025-03-30 06:08:24.577 [info] WARNING:pygls.protocol.json_rpc:Cancel notification for unknown message id "335"

2025-03-30 06:13:07.071 [info] WARNING:pygls.protocol.json_rpc:Cancel notification for unknown message id "369"

2025-03-30 06:13:07.125 [info] WARNING:pygls.protocol.json_rpc:Cancel notification for unknown message id "370"

2025-03-30 06:13:07.128 [info] WARNING:pygls.protocol.json_rpc:Cancel notification for unknown message id "371"

2025-03-30 06:16:45.874 [info] WARNING:pygls.protocol.json_rpc:Cancel notification for unknown message id "385"

2025-03-30 06:16:45.931 [info] WARNING:pygls.protocol.json_rpc:Cancel notification for unknown message id "386"

2025-03-30 06:16:45.933 [info] WARNING:pygls.protocol.json_rpc:Cancel notification for unknown message id "387"

2025-03-30 06:23:04.241 [info] WARNING:pygls.protocol.json_rpc:Cancel notification for unknown message id "410"

2025-03-30 06:23:04.282 [info] WARNING:pygls.protocol.json_rpc:Cancel notification for unknown message id "411"

2025-03-30 06:32:29.796 [info] WARNING:pygls.protocol.json_rpc:Cancel notification for unknown message id "481"

2025-03-30 06:32:29.810 [info] WARNING:pygls.protocol.json_rpc:Cancel notification for unknown message id "482"

2025-03-30 06:35:09.799 [info] WARNING:pygls.protocol.json_rpc:Cancel notification for unknown message id "496"
WARNING:pygls.protocol.json_rpc:Cancel notification for unknown message id "495"
WARNING:pygls.protocol.json_rpc:Cancel notification for unknown message id "498"

2025-03-30 06:36:35.204 [info] WARNING:pygls.protocol.json_rpc:Cancel notification for unknown message id "503"

2025-03-30 06:36:35.214 [info] WARNING:pygls.protocol.json_rpc:Cancel notification for unknown message id "504"

2025-03-30 06:36:35.216 [info] WARNING:pygls.protocol.json_rpc:Cancel notification for unknown message id "505"

2025-03-30 06:37:50.677 [info] WARNING:pygls.protocol.json_rpc:Cancel notification for unknown message id "512"

2025-03-30 06:37:50.689 [info] WARNING:pygls.protocol.json_rpc:Cancel notification for unknown message id "513"

2025-03-30 06:38:12.747 [info] WARNING:pygls.protocol.json_rpc:Cancel notification for unknown message id "519"

2025-03-30 06:41:32.504 [info] WARNING:pygls.protocol.json_rpc:Cancel notification for unknown message id "533"

2025-03-30 06:41:32.515 [info] WARNING:pygls.protocol.json_rpc:Cancel notification for unknown message id "534"

2025-03-30 06:44:32.832 [info] ERROR:pygls.protocol.json_rpc:Failed to handle request 543 textDocument/documentHighlight DocumentHighlightParams(text_document=TextDocumentIdentifier(uri='file:///home/sandyaa2004/Try2/new1.py'), position=13:45, work_done_token=None, partial_result_token=None)
Traceback (most recent call last):
  File "/google/devshell/editor/code-oss-for-cloud-shell/extensions/ms-python.python/python_files/lib/jedilsp/pygls/protocol/json_rpc.py", line 266, in _handle_request
    self._execute_request(msg_id, handler, params)
  File "/google/devshell/editor/code-oss-for-cloud-shell/extensions/ms-python.python/python_files/lib/jedilsp/pygls/protocol/json_rpc.py", line 188, in _execute_request
    self._send_response(msg_id, handler(params))
                                ^^^^^^^^^^^^^^^
  File "/google/devshell/editor/code-oss-for-cloud-shell/extensions/ms-python.python/python_files/lib/jedilsp/jedi_language_server/server.py", line 383, in highlight
    names = jedi_script.get_references(*jedi_lines, scope="file")
            ^^^^^^^^^^^^^^^^^^^^^^^^^^^^^^^^^^^^^^^^^^^^^^^^^^^^^
  File "/google/devshell/editor/code-oss-for-cloud-shell/extensions/ms-python.python/python_files/lib/jedilsp/jedi/api/helpers.py", line 484, in wrapper
    raise ValueError('`column` parameter (%d) is not in a valid range '
ValueError: `column` parameter (45) is not in a valid range (0-44) for line 14 ('# 🔹 Set up Google Cloud Storage (GCS) bucket\n').

2025-03-30 06:44:32.835 [info] [Error - 6:44:32 AM] Request textDocument/documentHighlight failed.
2025-03-30 06:44:32.835 [info]   Message: ValueError: `column` parameter (45) is not in a valid range (0-44) for line 14 ('# 🔹 Set up Google Cloud Storage (GCS) bucket\n').
  Code: -32603 
[object Object]
2025-03-30 06:44:33.058 [info] ERROR:pygls.protocol.json_rpc:Failed to handle request 544 textDocument/codeAction CodeActionParams(text_document=TextDocumentIdentifier(uri='file:///home/sandyaa2004/Try2/new1.py'), range=13:45-13:45, context=CodeActionContext(diagnostics=[], only=None, trigger_kind=<CodeActionTriggerKind.Automatic: 2>), work_done_token=None, partial_result_token=None)
Traceback (most recent call last):
  File "/google/devshell/editor/code-oss-for-cloud-shell/extensions/ms-python.python/python_files/lib/jedilsp/pygls/protocol/json_rpc.py", line 266, in _handle_request
    self._execute_request(msg_id, handler, params)
  File "/google/devshell/editor/code-oss-for-cloud-shell/extensions/ms-python.python/python_files/lib/jedilsp/pygls/protocol/json_rpc.py", line 188, in _execute_request
    self._send_response(msg_id, handler(params))
                                ^^^^^^^^^^^^^^^
  File "/google/devshell/editor/code-oss-for-cloud-shell/extensions/ms-python.python/python_files/lib/jedilsp/jedi_language_server/server.py", line 577, in code_action
    inline_refactoring = jedi_script.inline(*jedi_lines)
                         ^^^^^^^^^^^^^^^^^^^^^^^^^^^^^^^
  File "/google/devshell/editor/code-oss-for-cloud-shell/extensions/ms-python.python/python_files/lib/jedilsp/jedi/api/__init__.py", line 697, in inline
    names = [d._name for d in self.get_references(line, column, include_builtins=True)]
                              ^^^^^^^^^^^^^^^^^^^^^^^^^^^^^^^^^^^^^^^^^^^^^^^^^^^^^^^^
  File "/google/devshell/editor/code-oss-for-cloud-shell/extensions/ms-python.python/python_files/lib/jedilsp/jedi/api/helpers.py", line 484, in wrapper
    raise ValueError('`column` parameter (%d) is not in a valid range '
ValueError: `column` parameter (45) is not in a valid range (0-44) for line 14 ('# 🔹 Set up Google Cloud Storage (GCS) bucket\n').

2025-03-30 06:44:33.060 [info] [Error - 6:44:33 AM] Request textDocument/codeAction failed.
2025-03-30 06:44:33.061 [info]   Message: ValueError: `column` parameter (45) is not in a valid range (0-44) for line 14 ('# 🔹 Set up Google Cloud Storage (GCS) bucket\n').
  Code: -32603 
[object Object]
2025-03-30 06:44:58.536 [info] WARNING:pygls.protocol.json_rpc:Cancel notification for unknown message id "579"

2025-03-30 06:56:06.003 [info] WARNING:pygls.protocol.json_rpc:Cancel notification for unknown message id "615"

2025-03-30 06:56:06.019 [info] WARNING:pygls.protocol.json_rpc:Cancel notification for unknown message id "617"

2025-03-30 07:05:30.404 [info] WARNING:pygls.protocol.json_rpc:Cancel notification for unknown message id "656"

2025-03-30 07:05:30.418 [info] WARNING:pygls.protocol.json_rpc:Cancel notification for unknown message id "658"

2025-03-30 07:21:22.644 [info] WARNING:pygls.protocol.json_rpc:Cancel notification for unknown message id "701"

2025-03-30 07:22:39.462 [info] WARNING:pygls.protocol.json_rpc:Cancel notification for unknown message id "708"

2025-03-30 07:22:39.473 [info] WARNING:pygls.protocol.json_rpc:Cancel notification for unknown message id "709"

2025-03-30 07:22:39.479 [info] WARNING:pygls.protocol.json_rpc:Cancel notification for unknown message id "710"

2025-03-30 07:26:52.250 [info] WARNING:pygls.protocol.json_rpc:Cancel notification for unknown message id "841"

