2025-03-29 11:36:38.237 [info] [main] Log level: Info
2025-03-29 11:36:38.237 [info] [main] Validating found git in: "git"
2025-03-29 11:36:38.237 [info] [main] Using git "2.43.0" from "git"
2025-03-29 11:36:38.237 [info] [Model][doInitialScan] Initial repository scan started
2025-03-29 11:36:38.237 [info] > git rev-parse --show-toplevel [13ms]
2025-03-29 11:36:38.237 [info] fatal: not a git repository (or any parent up to mount point /)
Stopping at filesystem boundary (GIT_DISCOVERY_ACROSS_FILESYSTEM not set).
2025-03-29 11:36:38.237 [info] > git rev-parse --show-toplevel [3ms]
2025-03-29 11:36:38.237 [info] fatal: not a git repository (or any parent up to mount point /)
Stopping at filesystem boundary (GIT_DISCOVERY_ACROSS_FILESYSTEM not set).
2025-03-29 11:36:38.238 [info] > git rev-parse --show-toplevel [2ms]
2025-03-29 11:36:38.238 [info] fatal: not a git repository (or any parent up to mount point /)
Stopping at filesystem boundary (GIT_DISCOVERY_ACROSS_FILESYSTEM not set).
2025-03-29 11:36:38.245 [info] > git rev-parse --show-toplevel [1ms]
2025-03-29 11:36:38.245 [info] fatal: not a git repository (or any parent up to mount point /)
Stopping at filesystem boundary (GIT_DISCOVERY_ACROSS_FILESYSTEM not set).
2025-03-29 11:36:38.252 [info] > git rev-parse --show-toplevel [1ms]
2025-03-29 11:36:38.252 [info] fatal: not a git repository (or any parent up to mount point /)
Stopping at filesystem boundary (GIT_DISCOVERY_ACROSS_FILESYSTEM not set).
2025-03-29 11:36:38.258 [info] > git rev-parse --show-toplevel [2ms]
2025-03-29 11:36:38.258 [info] fatal: not a git repository (or any parent up to mount point /)
Stopping at filesystem boundary (GIT_DISCOVERY_ACROSS_FILESYSTEM not set).
2025-03-29 11:36:38.265 [info] > git rev-parse --show-toplevel [2ms]
2025-03-29 11:36:38.265 [info] fatal: not a git repository (or any parent up to mount point /)
Stopping at filesystem boundary (GIT_DISCOVERY_ACROSS_FILESYSTEM not set).
2025-03-29 11:36:38.272 [info] > git rev-parse --show-toplevel [2ms]
2025-03-29 11:36:38.272 [info] fatal: not a git repository (or any parent up to mount point /)
Stopping at filesystem boundary (GIT_DISCOVERY_ACROSS_FILESYSTEM not set).
2025-03-29 11:36:38.273 [info] [Model][doInitialScan] Initial repository scan completed - repositories (0), closed repositories (0), parent repositories (0), unsafe repositories (0)
2025-03-29 11:36:56.827 [info] > git rev-parse --show-toplevel [5ms]
2025-03-29 11:36:56.828 [info] fatal: not a git repository (or any parent up to mount point /)
Stopping at filesystem boundary (GIT_DISCOVERY_ACROSS_FILESYSTEM not set).
2025-03-29 11:48:06.453 [info] > git rev-parse --show-toplevel [10ms]
2025-03-29 11:48:06.454 [info] fatal: not a git repository (or any parent up to mount point /)
Stopping at filesystem boundary (GIT_DISCOVERY_ACROSS_FILESYSTEM not set).
