Initializing document watcher...
Document watcher initialized
sandyaa2004/rag_setup.py: {}
sandyaa2004/rag_setup.py: {}
sandyaa2004/Try2/vertex_rag.py: {}
sandyaa2004/Try2/vertex_rag.py: {}
sandyaa2004/Try2/vertex_rag.py: Using EditorConfig core...
sandyaa2004/rag_setup.py: {}
sandyaa2004/Try2/vertex_rag.py: {}
sandyaa2004/Try2/vertex_rag.py: Using EditorConfig core...
sandyaa2004/Try2/vertex_rag.py: {}
sandyaa2004/Try2/vertex_rag.py: Using EditorConfig core...
sandyaa2004/Try2/vertex_rag.py: Using EditorConfig core...
sandyaa2004/README-cloudshell.txt: {}
sandyaa2004/rag_setup.py: {}
sandyaa2004/import_files.py: {}
sandyaa2004/Try2/vertex_rag.py: {}
sandyaa2004/Try2/vertex_rag.py: Using EditorConfig core...
sandyaa2004/Try2/vertex_rag.py: Using EditorConfig core...
sandyaa2004/Try2/vertex_rag.py: {}
sandyaa2004/Try2/vertex_rag.py: {}
sandyaa2004/Try2/vertex_rag.py: {}
sandyaa2004/Try2/vertex_rag.py: {}
sandyaa2004/Try2/vertex_rag.py: {}
sandyaa2004/Try2/vertex_rag.py: {}
sandyaa2004/Try2/vertex_rag.py: {}
sandyaa2004/Try2/vertex_rag.py: {}
sandyaa2004/Try2/vertex_rag.py: {}
sandyaa2004/Try2/vertex_rag.py: {}
sandyaa2004/Try2/vertex_rag.py: {}
sandyaa2004/Try2/vertex_rag.py: {}
sandyaa2004/Try2/vertex_rag.py: {}
sandyaa2004/Try2/vertex_rag.py: {}
sandyaa2004/Try2/vertex_rag.py: {}
sandyaa2004/Try2/vertex_rag.py: {}
sandyaa2004/Try2/vertex_rag.py: {}
sandyaa2004/Try2/vertex_rag.py: {}
sandyaa2004/Try2/vertex_rag.py: {}
sandyaa2004/Try2/vertex_rag.py: {}
sandyaa2004/Try2/vertex_rag.py: {}
sandyaa2004/Try2/vertex_rag.py: {}
sandyaa2004/Try2/vertex_rag.py: {}
sandyaa2004/Try2/vertex_rag.py: {}
sandyaa2004/Try2/vertex_rag.py: {}
sandyaa2004/Try2/vertex_rag.py: {}
sandyaa2004/Try2/vertex_rag.py: {}
sandyaa2004/Try2/vertex_rag.py: {}
sandyaa2004/Try2/vertex_rag.py: {}
sandyaa2004/Try2/vertex_rag.py: {}
sandyaa2004/Try2/vertex_rag.py: {}
sandyaa2004/Try2/vertex_rag.py: {}
sandyaa2004/Try2/vertex_rag.py: {}
sandyaa2004/Try2/vertex_rag.py: {}
sandyaa2004/Try2/vertex_rag.py: {}
sandyaa2004/Try2/vertex_rag.py: {}
sandyaa2004/Try2/vertex_rag.py: {}
sandyaa2004/Try2/sample: {}
sandyaa2004/Try2/sample: Using EditorConfig core...
sandyaa2004/Try2/sample.py: {}
sandyaa2004/Try2/sample.py: {}
sandyaa2004/Try2/sample.py: {}
sandyaa2004/Try2/sample.py: {}
sandyaa2004/Try2/vertex_rag.py: {}
sandyaa2004/Try2/vertex_rag.py: {}
sandyaa2004/Try2/vertex_rag.py: {}
sandyaa2004/Try2/vertex_rag.py: {}
sandyaa2004/Try2/vertex_rag.py: {}
sandyaa2004/Try2/vertex_rag.py: {}
sandyaa2004/Try2/vertex_rag.py: {}
sandyaa2004/Try2/sample.py: {}
sandyaa2004/Try2/sample.py: Using EditorConfig core...
sandyaa2004/Try2/sample.py: {}
sandyaa2004/Try2/sample.py: {}
sandyaa2004/Try2/new.py: {}
sandyaa2004/Try2/new.py: Using EditorConfig core...
sandyaa2004/Try2/new.py: {}
sandyaa2004/Try2/vertex_rag.py: {}
sandyaa2004/Try2/vertex_rag.py: {}
sandyaa2004/Try2/new.py: {}
sandyaa2004/Try2/new.py: Using EditorConfig core...
sandyaa2004/Try2/new.py: {}
sandyaa2004/Try2/new.py: Using EditorConfig core...
sandyaa2004/Try2/new.py: {}
sandyaa2004/Try2/new.py: Using EditorConfig core...
sandyaa2004/Try2/new.py: {}
sandyaa2004/Try2/new.py: {}
sandyaa2004/Try2/new.py: Using EditorConfig core...
sandyaa2004/Try2/new.py: {}
sandyaa2004/Try2/new.py: Using EditorConfig core...
sandyaa2004/Try2/new.py: {}
sandyaa2004/Try2/new.py: Using EditorConfig core...
sandyaa2004/Try2/new.py: {}
sandyaa2004/Try2/new.py: Using EditorConfig core...
sandyaa2004/Try2/new.py: {}
sandyaa2004/Try2/new.py: Using EditorConfig core...
sandyaa2004/Try2/new.py: {}
sandyaa2004/Try2/new.py: {}
sandyaa2004/Try2/new.py: {}
sandyaa2004/Try2/new.py: Using EditorConfig core...
sandyaa2004/Try2/new.py: {}
sandyaa2004/Try2/new.py: {}
sandyaa2004/Try2/new.py: Using EditorConfig core...
sandyaa2004/Try2/new.py: {}
sandyaa2004/Try2/new.py: {}
sandyaa2004/Try2/new.py: {}
sandyaa2004/Try2/new1.py: {}
sandyaa2004/Try2/new1.py: Using EditorConfig core...
sandyaa2004/Try2/new1.py: {}
sandyaa2004/Try2/new1.py: {}
sandyaa2004/Try2/new.py: {}
sandyaa2004/Try2/new.py: {}
sandyaa2004/Try2/new.py: {}
sandyaa2004/Try2/new.py: {}
sandyaa2004/Try2/new.py: {}
sandyaa2004/Try2/new.py: {}
sandyaa2004/Try2/new.py: {}
sandyaa2004/Try2/new.py: Using EditorConfig core...
sandyaa2004/Try2/new.py: {}
sandyaa2004/Try2/new.py: Using EditorConfig core...
sandyaa2004/Try2/new.py: Using EditorConfig core...
sandyaa2004/Try2/new.py: {}
sandyaa2004/Try2/new.py: {}
sandyaa2004/Try2/new.py: {}
sandyaa2004/Try2/new.py: {}
sandyaa2004/Try2/new.py: Using EditorConfig core...
sandyaa2004/Try2/new.py: Using EditorConfig core...
sandyaa2004/Try2/new.py: {}
sandyaa2004/Try2/new.py: {}
sandyaa2004/Try2/new.py: {}
sandyaa2004/Try2/new.py: {}
sandyaa2004/Try2/new.py: {}
sandyaa2004/Try2/new.py: {}
sandyaa2004/Try2/new.py: Using EditorConfig core...
sandyaa2004/Try2/new.py: Using EditorConfig core...
sandyaa2004/Try2/new.py: Using EditorConfig core...
sandyaa2004/Try2/new.py: {}
sandyaa2004/Try2/new.py: {}
sandyaa2004/Try2/new.py: {}
sandyaa2004/Try2/new.py: Using EditorConfig core...
sandyaa2004/Try2/new.py: {}
sandyaa2004/Try2/new.py: {}
sandyaa2004/Try2/new1.py: {}
sandyaa2004/Try2/new1.py: Using EditorConfig core...
sandyaa2004/Try2/new1.py: {}
sandyaa2004/Try2/new1.py: Using EditorConfig core...
sandyaa2004/Try2/new1.py: {}
sandyaa2004/Try2/new1.py: Using EditorConfig core...
sandyaa2004/Try2/new1.py: {}
sandyaa2004/Try2/new1.py: Using EditorConfig core...
sandyaa2004/Try2/new1.py: {}
sandyaa2004/Try2/new1.py: Using EditorConfig core...
sandyaa2004/Try2/new1.py: {}
sandyaa2004/Try2/new1.py: {}
sandyaa2004/Try2/new1.py: {}
sandyaa2004/Try2/new1.py: {}
sandyaa2004/Try2/new1.py: {}
sandyaa2004/Try2/new1.py: Using EditorConfig core...
sandyaa2004/Try2/new1.py: {}
sandyaa2004/Try2/sample.py: {}
sandyaa2004/Try2/sample.py: Using EditorConfig core...
sandyaa2004/Try2/sample.py: {}
sandyaa2004/Try2/new1.py: {}
sandyaa2004/Try2/new1.py: Using EditorConfig core...
sandyaa2004/Try2/new1.py: {}
sandyaa2004/Try2/new1.py: {}
sandyaa2004/Try2/new1.py: Using EditorConfig core...
sandyaa2004/Try2/new1.py: {}
sandyaa2004/Try2/new1.py: Using EditorConfig core...
sandyaa2004/Try2/new1.py: {}
sandyaa2004/Try2/new1.py: Using EditorConfig core...
sandyaa2004/Try2/new1.py: {}
sandyaa2004/Try2/new1.py: {}
sandyaa2004/Try2/new1.py: {}
sandyaa2004/Try2/new1.py: Using EditorConfig core...
sandyaa2004/Try2/new1.py: {}
sandyaa2004/Try2/new1.py: Using EditorConfig core...
sandyaa2004/Try2/new1.py: Using EditorConfig core...
sandyaa2004/Try2/ch1.txt: {}
sandyaa2004/Try2/ch1.txt: {}
sandyaa2004/Try2/ch1.txt: {}
sandyaa2004/Try2/new1.py: {}
sandyaa2004/Try2/new1.py: {}
sandyaa2004/Try2/new1.py: Using EditorConfig core...
sandyaa2004/Try2/new1.py: {}
sandyaa2004/Try2/new1.py: Using EditorConfig core...
sandyaa2004/Try2/new1.py: {}
sandyaa2004/Try2/new1.py: Using EditorConfig core...
sandyaa2004/Try2/new1.py: {}
sandyaa2004/Try2/new1.py: Using EditorConfig core...
sandyaa2004/Try2/new1.py: {}
sandyaa2004/Try2/new1.py: Using EditorConfig core...
sandyaa2004/Try2/new1.py: {}
sandyaa2004/Try2/new1.py: {}
sandyaa2004/Try2/new1.py: Using EditorConfig core...
sandyaa2004/Try2/new1.py: {}
sandyaa2004/Try2/new1.py: {}
sandyaa2004/Try2/new1.py: Using EditorConfig core...
sandyaa2004/Try2/new1.py: {}
sandyaa2004/Try2/new1.py: {}
sandyaa2004/Try2/new1.py: {}
sandyaa2004/Try2/new1.py: {}
sandyaa2004/Try2/sample.py: {}
sandyaa2004/Try2/sample.py: {}
sandyaa2004/Try2/sample.py: Using EditorConfig core...
sandyaa2004/Try2/sample.py: {}
sandyaa2004/Try2/sample.py: {}
sandyaa2004/Try2/sample.py: {}
sandyaa2004/Try2/sample.py: {}
sandyaa2004/Try2/sample.py: Using EditorConfig core...
sandyaa2004/Try2/sample.py: {}
sandyaa2004/Try2/sample.py: {}
sandyaa2004/Try2/sample.py: Using EditorConfig core...
sandyaa2004/Try2/new1.py: {}
sandyaa2004/Try2/sample.py: {}
sandyaa2004/Try2/sample.py: Using EditorConfig core...
sandyaa2004/Try2/sample.py: Using EditorConfig core...
sandyaa2004/Try2/sample.py: Using EditorConfig core...
sandyaa2004/Try2/sample.py: {}
sandyaa2004/Try2/sample.py: {}
sandyaa2004/Try2/sample.py: {}
sandyaa2004/Try2/sample.py: Using EditorConfig core...
sandyaa2004/Try2/sample.py: {}
sandyaa2004/Try2/sample.py: {}
sandyaa2004/Try2/sample.py: Using EditorConfig core...
sandyaa2004/Try2/sample.py: {}
sandyaa2004/Try2/sample.py: {}
sandyaa2004/Try2/new.py: {}
sandyaa2004/Try2/new.py: {}
sandyaa2004/Try2/another: {}
sandyaa2004/Try2/.another.py: {}
sandyaa2004/Try2/.another.py: {}
sandyaa2004/Try2/.another.py: Using EditorConfig core...
sandyaa2004/Try2/.another.py: {}
sandyaa2004/Try2/.another.py: {}
sandyaa2004/Try2/.another.py: Using EditorConfig core...
sandyaa2004/Try2/.another.py: {}
sandyaa2004/Try2/.another.py: {}
sandyaa2004/Try2/.another.py: Using EditorConfig core...
sandyaa2004/Try2/.another.py: {}
sandyaa2004/Try2/.another.py: {}
sandyaa2004/Try2/.another.py: Using EditorConfig core...
sandyaa2004/Try2/.another.py: {}
sandyaa2004/Try2/.another.py: Using EditorConfig core...
sandyaa2004/Try2/.another.py: {}
sandyaa2004/Try2/.another.py: {}
sandyaa2004/Try2/.another.py: {}
sandyaa2004/Try2/.another.py: Using EditorConfig core...
sandyaa2004/Try2/.another.py: {}
sandyaa2004/Try2/.another.py: Using EditorConfig core...
sandyaa2004/Try2/.another.py: {}
sandyaa2004/Try2/.another.py: {}
sandyaa2004/Try2/.another.py: Using EditorConfig core...
sandyaa2004/Try2/.another.py: {}
sandyaa2004/Try2/.another.py: {}
sandyaa2004/Try2/.another.py: {}
sandyaa2004/Try2/sample.py: {}
sandyaa2004/Try2/sample.py: Using EditorConfig core...
sandyaa2004/Try2/sample.py: {}
sandyaa2004/Try2/sample.py: Using EditorConfig core...
sandyaa2004/Try2/sample.py: {}
sandyaa2004/Try2/sample.py: {}
sandyaa2004/Try2/sample.py: Using EditorConfig core...
sandyaa2004/Try2/sample.py: {}
sandyaa2004/Try2/sample.py: Using EditorConfig core...
sandyaa2004/Try2/sample.py: {}
sandyaa2004/Try2/sample.py: {}
sandyaa2004/Try2/sample.py: Using EditorConfig core...
sandyaa2004/Try2/sample.py: {}
sandyaa2004/Try2/sample.py: {}
sandyaa2004/Try2/sample.py: Using EditorConfig core...
sandyaa2004/Try2/sample.py: Using EditorConfig core...
sandyaa2004/Try2/sample.py: Using EditorConfig core...
sandyaa2004/Try2/sample.py: {}
sandyaa2004/Try2/sample.py: Using EditorConfig core...
sandyaa2004/Try2/sample.py: {}
sandyaa2004/Try2/sample.py: {}
sandyaa2004/Try2/sample.py: Using EditorConfig core...
sandyaa2004/Try2/new.py: {}
sandyaa2004/Try2/new.py: {}
sandyaa2004/Try2/new.py: {}
sandyaa2004/Try2/new.py: {}
sandyaa2004/Try2/new.py: Using EditorConfig core...
sandyaa2004/Try2/new.py: {}
sandyaa2004/Try2/new.py: {}
sandyaa2004/Try2/sample.py: {}
sandyaa2004/Try2/sample.py: Using EditorConfig core...
sandyaa2004/Try2/sample.py: {}
sandyaa2004/Try2/sample.py: Using EditorConfig core...
sandyaa2004/Try2/sample.py: Using EditorConfig core...
sandyaa2004/Try2/sample.py: Using EditorConfig core...
sandyaa2004/Try2/sample.py: Using EditorConfig core...
sandyaa2004/Try2/sample.py: Using EditorConfig core...
sandyaa2004/Try2/sample.py: Using EditorConfig core...
sandyaa2004/Try2/sample.py: Using EditorConfig core...
sandyaa2004/Try2/sample.py: Using EditorConfig core...
sandyaa2004/Try2/sample.py: Using EditorConfig core...
sandyaa2004/Try2/sample.py: Using EditorConfig core...
sandyaa2004/Try2/sample.py: Using EditorConfig core...
sandyaa2004/Try2/sample.py: Using EditorConfig core...
sandyaa2004/Try2/sample.py: {}
sandyaa2004/Try2/sample.py: {}
sandyaa2004/Try2/sample.py: Using EditorConfig core...
sandyaa2004/Try2/sample.py: Using EditorConfig core...
sandyaa2004/Try2/sample.py: Using EditorConfig core...
sandyaa2004/Try2/sample.py: {}
sandyaa2004/Try2/sample.py: {}
sandyaa2004/Try2/sample.py: {}
sandyaa2004/Try2/vertex_rag.py: {}
sandyaa2004/Try2/vertex_rag.py: Using EditorConfig core...
sandyaa2004/Try2/vertex_rag.py: {}
