2025-03-29 11:20:23.603 [info] [main] Log level: Info
2025-03-29 11:20:23.603 [info] [main] Validating found git in: "git"
2025-03-29 11:20:23.603 [info] [main] Using git "2.43.0" from "git"
2025-03-29 11:20:23.603 [info] [Model][doInitialScan] Initial repository scan started
2025-03-29 11:20:23.603 [info] > git rev-parse --show-toplevel [16ms]
2025-03-29 11:20:23.603 [info] fatal: not a git repository (or any parent up to mount point /)
Stopping at filesystem boundary (GIT_DISCOVERY_ACROSS_FILESYSTEM not set).
2025-03-29 11:20:23.603 [info] > git rev-parse --show-toplevel [9ms]
2025-03-29 11:20:23.603 [info] fatal: not a git repository (or any parent up to mount point /)
Stopping at filesystem boundary (GIT_DISCOVERY_ACROSS_FILESYSTEM not set).
2025-03-29 11:20:23.611 [info] > git rev-parse --show-toplevel [2ms]
2025-03-29 11:20:23.611 [info] fatal: not a git repository (or any parent up to mount point /)
Stopping at filesystem boundary (GIT_DISCOVERY_ACROSS_FILESYSTEM not set).
2025-03-29 11:20:23.619 [info] > git rev-parse --show-toplevel [3ms]
2025-03-29 11:20:23.619 [info] fatal: not a git repository (or any parent up to mount point /)
Stopping at filesystem boundary (GIT_DISCOVERY_ACROSS_FILESYSTEM not set).
2025-03-29 11:20:23.629 [info] > git rev-parse --show-toplevel [4ms]
2025-03-29 11:20:23.629 [info] fatal: not a git repository (or any parent up to mount point /)
Stopping at filesystem boundary (GIT_DISCOVERY_ACROSS_FILESYSTEM not set).
2025-03-29 11:20:23.641 [info] > git rev-parse --show-toplevel [8ms]
2025-03-29 11:20:23.641 [info] fatal: not a git repository (or any parent up to mount point /)
Stopping at filesystem boundary (GIT_DISCOVERY_ACROSS_FILESYSTEM not set).
2025-03-29 11:20:23.656 [info] > git rev-parse --show-toplevel [9ms]
2025-03-29 11:20:23.656 [info] fatal: not a git repository (or any parent up to mount point /)
Stopping at filesystem boundary (GIT_DISCOVERY_ACROSS_FILESYSTEM not set).
2025-03-29 11:20:23.665 [info] > git rev-parse --show-toplevel [1ms]
2025-03-29 11:20:23.665 [info] fatal: not a git repository (or any parent up to mount point /)
Stopping at filesystem boundary (GIT_DISCOVERY_ACROSS_FILESYSTEM not set).
2025-03-29 11:20:23.666 [info] [Model][doInitialScan] Initial repository scan completed - repositories (0), closed repositories (0), parent repositories (0), unsafe repositories (0)
2025-03-29 11:20:24.239 [info] > git rev-parse --show-toplevel [14ms]
2025-03-29 11:20:24.240 [info] fatal: not a git repository (or any parent up to mount point /)
Stopping at filesystem boundary (GIT_DISCOVERY_ACROSS_FILESYSTEM not set).
2025-03-29 11:20:24.284 [info] > git rev-parse --show-toplevel [36ms]
2025-03-29 11:20:24.285 [info] fatal: not a git repository (or any parent up to mount point /)
Stopping at filesystem boundary (GIT_DISCOVERY_ACROSS_FILESYSTEM not set).
2025-03-29 11:27:07.885 [info] > git rev-parse --show-toplevel [5ms]
2025-03-29 11:27:07.885 [info] fatal: not a git repository (or any parent up to mount point /)
Stopping at filesystem boundary (GIT_DISCOVERY_ACROSS_FILESYSTEM not set).
