2025-03-30 17:02:56.362 [info] Extension host with pid 1216 started
2025-03-30 17:02:56.363 [error] Error: EEXIST: file already exists, open '/home/sandyaa2004/.codeoss/data/User/workspaceStorage/62bec47d/vscode.lock'
2025-03-30 17:02:56.386 [info] Lock '/home/sandyaa2004/.codeoss/data/User/workspaceStorage/62bec47d/vscode.lock': Could not acquire lock, checking if the file is stale.
2025-03-30 17:02:56.393 [info] Lock '/home/sandyaa2004/.codeoss/data/User/workspaceStorage/62bec47d/vscode.lock': The pid 1214 appears to be gone.
2025-03-30 17:02:56.394 [info] Lock '/home/sandyaa2004/.codeoss/data/User/workspaceStorage/62bec47d/vscode.lock': Deleting a stale lock.
2025-03-30 17:02:56.404 [info] Lock '/home/sandyaa2004/.codeoss/data/User/workspaceStorage/62bec47d/vscode.lock': Lock acquired.
2025-03-30 17:02:56.633 [info] ExtensionService#_doActivateExtension vscode.emmet, startup: false, activationEvent: 'onLanguage'
2025-03-30 17:02:56.634 [info] ExtensionService#_doActivateExtension ms-python.python, startup: false, activationEvent: 'onLanguage:python'
2025-03-30 17:02:57.105 [error] Error: spawn /google/devshell/editor/code-oss-for-cloud-shell/extensions/ms-python.python/python-env-tools/bin/pet ENOENT
	at ChildProcess._handle.onexit (node:internal/child_process:286:19)
	at onErrorNT (node:internal/child_process:484:16)
	at process.processTicksAndRejections (node:internal/process/task_queues:82:21)
2025-03-30 17:02:57.390 [info] ExtensionService#_doActivateExtension vscode.git-base, startup: true, activationEvent: '*', root cause: vscode.git
2025-03-30 17:02:57.544 [info] ExtensionService#_doActivateExtension vscode.git, startup: true, activationEvent: '*'
2025-03-30 17:02:57.544 [info] ExtensionService#_doActivateExtension vscode.github, startup: true, activationEvent: '*'
2025-03-30 17:02:58.495 [info] ExtensionService#_doActivateExtension google.cloud-shell, startup: false, activationEvent: 'onTerminalProfile:cloudshell.default'
2025-03-30 17:02:58.689 [info] ExtensionService#_doActivateExtension vscode.configuration-editing, startup: false, activationEvent: 'onLanguage:jsonc'
2025-03-30 17:02:58.692 [info] ExtensionService#_doActivateExtension vscode.json-language-features, startup: false, activationEvent: 'onLanguage:jsonc'
2025-03-30 17:02:58.692 [info] ExtensionService#_doActivateExtension vscode.typescript-language-features, startup: false, activationEvent: 'onLanguage:jsonc'
2025-03-30 17:02:59.124 [info] Eager extensions activated
2025-03-30 17:02:59.125 [info] ExtensionService#_doActivateExtension EditorConfig.EditorConfig, startup: false, activationEvent: 'onStartupFinished'
2025-03-30 17:02:59.126 [info] ExtensionService#_doActivateExtension google.geminicodeassist, startup: false, activationEvent: 'onStartupFinished', root cause: googlecloudtools.cloudcode
2025-03-30 17:02:59.126 [info] ExtensionService#_doActivateExtension vscode.debug-auto-launch, startup: false, activationEvent: 'onStartupFinished'
2025-03-30 17:02:59.127 [info] ExtensionService#_doActivateExtension vscode.merge-conflict, startup: false, activationEvent: 'onStartupFinished'
2025-03-30 17:03:01.411 [info] ExtensionService#_doActivateExtension googlecloudtools.cloudcode, startup: false, activationEvent: 'onStartupFinished'
2025-03-30 17:56:06.251 [error] [ms-python.python] provider FAILED
2025-03-30 17:56:06.252 [error] Error: AttributeError: 'HoverDisable' object has no attribute 'namespace_'
    at ae (/google/devshell/editor/code-oss-for-cloud-shell/extensions/ms-python.python/out/client/extension.js:2:2049071)
    at oe (/google/devshell/editor/code-oss-for-cloud-shell/extensions/ms-python.python/out/client/extension.js:2:2047031)
    at Immediate.<anonymous> (/google/devshell/editor/code-oss-for-cloud-shell/extensions/ms-python.python/out/client/extension.js:2:2043325)
    at processImmediate (node:internal/timers:483:21)
2025-03-30 18:10:54.017 [warning] [Decorations] CAPPING events from decorations provider vscode.git 4102
2025-03-30 18:10:54.747 [warning] [Decorations] CAPPING events from decorations provider vscode.git 4102
