2025-03-29 11:10:26.568 [info] [main] Log level: Info
2025-03-29 11:10:26.568 [info] [main] Validating found git in: "git"
2025-03-29 11:10:26.568 [info] [main] Using git "2.43.0" from "git"
2025-03-29 11:10:26.568 [info] [Model][doInitialScan] Initial repository scan started
2025-03-29 11:10:26.568 [info] > git rev-parse --show-toplevel [4ms]
2025-03-29 11:10:26.568 [info] fatal: not a git repository (or any parent up to mount point /)
Stopping at filesystem boundary (GIT_DISCOVERY_ACROSS_FILESYSTEM not set).
2025-03-29 11:10:26.568 [info] > git rev-parse --show-toplevel [3ms]
2025-03-29 11:10:26.568 [info] fatal: not a git repository (or any parent up to mount point /)
Stopping at filesystem boundary (GIT_DISCOVERY_ACROSS_FILESYSTEM not set).
2025-03-29 11:10:26.568 [info] > git rev-parse --show-toplevel [4ms]
2025-03-29 11:10:26.568 [info] fatal: not a git repository (or any parent up to mount point /)
Stopping at filesystem boundary (GIT_DISCOVERY_ACROSS_FILESYSTEM not set).
2025-03-29 11:10:26.573 [info] > git rev-parse --show-toplevel [2ms]
2025-03-29 11:10:26.573 [info] fatal: not a git repository (or any parent up to mount point /)
Stopping at filesystem boundary (GIT_DISCOVERY_ACROSS_FILESYSTEM not set).
2025-03-29 11:10:26.578 [info] > git rev-parse --show-toplevel [2ms]
2025-03-29 11:10:26.578 [info] fatal: not a git repository (or any parent up to mount point /)
Stopping at filesystem boundary (GIT_DISCOVERY_ACROSS_FILESYSTEM not set).
2025-03-29 11:10:26.583 [info] > git rev-parse --show-toplevel [1ms]
2025-03-29 11:10:26.583 [info] fatal: not a git repository (or any parent up to mount point /)
Stopping at filesystem boundary (GIT_DISCOVERY_ACROSS_FILESYSTEM not set).
2025-03-29 11:10:26.588 [info] > git rev-parse --show-toplevel [2ms]
2025-03-29 11:10:26.588 [info] fatal: not a git repository (or any parent up to mount point /)
Stopping at filesystem boundary (GIT_DISCOVERY_ACROSS_FILESYSTEM not set).
2025-03-29 11:10:26.589 [info] [Model][doInitialScan] Initial repository scan completed - repositories (0), closed repositories (0), parent repositories (0), unsafe repositories (0)
2025-03-29 11:10:28.208 [info] > git rev-parse --show-toplevel [9ms]
2025-03-29 11:10:28.208 [info] fatal: not a git repository (or any parent up to mount point /)
Stopping at filesystem boundary (GIT_DISCOVERY_ACROSS_FILESYSTEM not set).
2025-03-29 11:10:32.738 [info] > git rev-parse --show-toplevel [13ms]
2025-03-29 11:10:32.738 [info] fatal: not a git repository (or any parent up to mount point /)
Stopping at filesystem boundary (GIT_DISCOVERY_ACROSS_FILESYSTEM not set).
2025-03-29 11:14:00.505 [info] > git rev-parse --show-toplevel [10ms]
2025-03-29 11:14:00.505 [info] fatal: not a git repository (or any parent up to mount point /)
Stopping at filesystem boundary (GIT_DISCOVERY_ACROSS_FILESYSTEM not set).
