Initializing document watcher...
Document watcher initialized
sandyaa2004/list_files.py: {}
sandyaa2004/list_files.py: {}
sandyaa2004/check_corpora.py: {}
sandyaa2004/check_corpora.py: {}
sandyaa2004/check_corpora.py: Using EditorConfig core...
sandyaa2004/check_corpora.py: {}
sandyaa2004/check_corpora.py: {}
sandyaa2004/list_files.py: {}
sandyaa2004/list_files.py: Using EditorConfig core...
sandyaa2004/list_files.py: {}
sandyaa2004/list_files.py: {}
sandyaa2004/retrieve_rag.py: {}
sandyaa2004/retrieve_rag.py: Using EditorConfig core...
sandyaa2004/retrieve_rag.py: {}
sandyaa2004/retrieve_rag.py: {}
sandyaa2004/retrieve_rag.py: {}
sandyaa2004/retrieve_rag.py: Using EditorConfig core...
sandyaa2004/retrieve_rag.py: Using EditorConfig core...
sandyaa2004/retrieve_rag.py: {}
sandyaa2004/retrieve_rag.py: Using EditorConfig core...
sandyaa2004/retrieve_rag.py: {}
sandyaa2004/retrieve_rag.py: {}
sandyaa2004/retrieve_rag.py: {}
sandyaa2004/retrieve_rag.py: Using EditorConfig core...
sandyaa2004/retrieve_rag.py: Using EditorConfig core...
sandyaa2004/retrieve_rag.py: {}
sandyaa2004/retrieve_rag.py: {}
sandyaa2004/retrieve_rag.py: Using EditorConfig core...
sandyaa2004/retrieve_rag.py: {}
sandyaa2004/retrieve_rag.py: Using EditorConfig core...
sandyaa2004/retrieve_rag.py: {}
sandyaa2004/retrieve_rag.py: {}
sandyaa2004/retrieve_rag.py: Using EditorConfig core...
sandyaa2004/retrieve_rag.py: Using EditorConfig core...
sandyaa2004/retrieve_rag.py: {}
sandyaa2004/retrieve_rag.py: {}
sandyaa2004/retrieve_rag.py: Using EditorConfig core...
