Initializing document watcher...
Document watcher initialized
sandyaa2004/Try2/vertex_rag.py: {}
sandyaa2004/rag_setup.py: {}
sandyaa2004/retrieve_rag.py: {}
sandyaa2004/check_corpora.py: {}
sandyaa2004/Try2/new.py: {}
sandyaa2004/Try2/new.py: {}
sandyaa2004/Try2/new.py: {}
sandyaa2004/Try2/new.py: {}
sandyaa2004/Try2/new.py: {}
sandyaa2004/Try2/new.py: {}
sandyaa2004/Try2/new.py: {}
sandyaa2004/Try2/new.py: {}
sandyaa2004/Try2/new.py: {}
sandyaa2004/Try2/new.py: {}
sandyaa2004/Try2/new.py: {}
sandyaa2004/Try2/new.py: {}
sandyaa2004/Try2/new.py: {}
sandyaa2004/Try2/new.py: {}
sandyaa2004/Try2/new.py: {}
sandyaa2004/Try2/new.py: {}
sandyaa2004/Try2/new.py: {}
sandyaa2004/Try2/new.py: Using EditorConfig core...
sandyaa2004/Try2/new.py: Using EditorConfig core...
sandyaa2004/Try2/new.py: {}
sandyaa2004/ch1.pdf: {}
sandyaa2004/ch1.pdf: {}
sandyaa2004/ch1.pdf: {}
sandyaa2004/ch1.pdf: {}
sandyaa2004/Try2/ch1.txt: {}
sandyaa2004/Try2/ch1.pdf: {}
sandyaa2004/Try2/ch1.txt: {}
sandyaa2004/Try2/new.py: {}
sandyaa2004/Try2/new1.py: {}
sandyaa2004/Try2/new1.py: {}
sandyaa2004/Try2/new.py: {}
sandyaa2004/Try2/sample.py: {}
sandyaa2004/Try2/vertex_rag.py: {}
sandyaa2004/Try2/vertex_rag.py: {}
sandyaa2004/Try2/vertex_rag.py: {}
sandyaa2004/Try2/vertex_rag.py: {}
sandyaa2004/Try2/vertex_rag.py: {}
sandyaa2004/Try2/vertex_rag.py: {}
sandyaa2004/Try2/new.py: {}
sandyaa2004/Try2/new.py: {}
sandyaa2004/Try2/new.py: Using EditorConfig core...
sandyaa2004/Try2/new.py: Using EditorConfig core...
sandyaa2004/Try2/new.py: Using EditorConfig core...
sandyaa2004/Try2/new.py: {}
sandyaa2004/Try2/new.py: Using EditorConfig core...
sandyaa2004/Try2/new.py: Using EditorConfig core...
sandyaa2004/Try2/new.py: Using EditorConfig core...
sandyaa2004/Try2/new.py: {}
sandyaa2004/Try2/new.py: Using EditorConfig core...
sandyaa2004/Try2/new.py: Using EditorConfig core...
sandyaa2004/ch2.docx: {}
sandyaa2004/Try2/new.py: {}
sandyaa2004/Try2/new.py: {}
sandyaa2004/Try2/new.py: {}
sandyaa2004/Try2/new.py: {}
sandyaa2004/Try2/new.py: {}
sandyaa2004/Try2/new.py: {}
sandyaa2004/ch2.docx: {}
sandyaa2004/ch2.docx: {}
sandyaa2004/ch2.docx: {}
sandyaa2004/ch2.docx: {}
sandyaa2004/Try2/new.py: {}
sandyaa2004/Try2/new.py: {}
sandyaa2004/Try2/new.py: {}
sandyaa2004/Try2/new.py: {}
sandyaa2004/Try2/kevinew: {}
sandyaa2004/Try2/kevinew: Using EditorConfig core...
sandyaa2004/Try2/kevinew: {}
sandyaa2004/Try2/kevinew: {}
sandyaa2004/Try2/kevinew: Using EditorConfig core...
sandyaa2004/Try2/kevinew: {}
sandyaa2004/Try2/kevinew: Using EditorConfig core...
sandyaa2004/Try2/kevinew: {}
sandyaa2004/Try2/kevinew: Using EditorConfig core...
sandyaa2004/Try2/kevinew: {}
sandyaa2004/Try2/kevinew: {}
sandyaa2004/Try2/kevinew: {}
sandyaa2004/Try2/kevinew: Using EditorConfig core...
sandyaa2004/Try2/kevinew: {}
sandyaa2004/Try2/kevinew: {}
sandyaa2004/Try2/kevinew: {}
sandyaa2004/Try2/kevinew: Using EditorConfig core...
sandyaa2004/Try2/kevinew: Using EditorConfig core...
sandyaa2004/Try2/kevinew: Using EditorConfig core...
sandyaa2004/Try2/kevinew: {}
sandyaa2004/Try2/kevinew: {}
sandyaa2004/Try2/kevinew: {}
sandyaa2004/Try2/kevinew: {}
sandyaa2004/Try2/kevinew: {}
sandyaa2004/Try2/kevinew: Using EditorConfig core...
sandyaa2004/Try2/kevinew: Using EditorConfig core...
sandyaa2004/Try2/kevinew: {}
sandyaa2004/Try2/kevinew: {}
sandyaa2004/Try2/newtry: {}
sandyaa2004/Try2/newtry: Using EditorConfig core...
sandyaa2004/Try2/newtry: Using EditorConfig core...
sandyaa2004/Try2/newtry: {}
sandyaa2004/Try2/newtry: {}
sandyaa2004/Try2/newtry: {}
sandyaa2004/Try2/newtry: {}
sandyaa2004/Try2/newtry: Using EditorConfig core...
sandyaa2004/Try2/newtry: {}
sandyaa2004/Try2/newtry: {}
sandyaa2004/Try2/newtry: {}
sandyaa2004/Try2/newtry: {}
sandyaa2004/Try2/newtry: {}
sandyaa2004/Try2/newtry: {}
sandyaa2004/Try2/newtry: {}
sandyaa2004/Try2/newtry: {}
sandyaa2004/Try2/newtry: {}
sandyaa2004/Try2/newtry: {}
sandyaa2004/Try2/newtry: {}
sandyaa2004/Try2/newtry: {}
sandyaa2004/Try2/newtry: {}
sandyaa2004/Try2/kevinew: {}
sandyaa2004/Try2/newtry: {}
sandyaa2004/Try2/newtry: Using EditorConfig core...
sandyaa2004/Try2/kevinew: {}
sandyaa2004/Try2/new.py: {}
sandyaa2004/Try2/ch1.txt: {}
sandyaa2004/Try2/new.py: {}
sandyaa2004/Try2/kevinew: {}
sandyaa2004/Try2/new.py: {}
sandyaa2004/Try2/ch1.pdf: {}
sandyaa2004/Try2/new.py: {}
sandyaa2004/Try2/new.py: {}
sandyaa2004/Try2/new.py: {}
sandyaa2004/Try2/newtry: {}
sandyaa2004/Try2/new.py: {}
sandyaa2004/Try2/newtry: {}
sandyaa2004/Try2/new.py: {}
sandyaa2004/Try2/sample.py: {}
sandyaa2004/Try2/new.py: {}
sandyaa2004/Try2/new.py: {}
sandyaa2004/Try2/new.py: {}
sandyaa2004/Try2/new.py: {}
sandyaa2004/ch2.docx: {}
sandyaa2004/ch2.docx: {}
sandyaa2004/ch2.docx: {}
sandyaa2004/ch2.docx: {}
sandyaa2004/ch2.docx: {}
sandyaa2004/ch2.docx: {}
sandyaa2004/ch2.docx: {}
sandyaa2004/Try2/new.py: {}
sandyaa2004/Try2/new.py: {}
sandyaa2004/Try2/vertex_rag.py: {}
sandyaa2004/check_corpora.py: {}
sandyaa2004/Try2/new.py: {}
sandyaa2004/import_files.py: {}
sandyaa2004/Try2/new.py: {}
sandyaa2004/list_files.py: {}
sandyaa2004/Try2/new.py: {}
sandyaa2004/rag_setup.py: {}
sandyaa2004/Try2/new.py: {}
sandyaa2004/README-cloudshell.txt: {}
sandyaa2004/retrieve_rag.py: {}
sandyaa2004/Try2/new.py: {}
sandyaa2004/Try2/new.py: {}
sandyaa2004/Try2/vertex_rag.py: {}
sandyaa2004/Try2/vertex_rag.py: Using EditorConfig core...
sandyaa2004/Try2/vertex_rag.py: {}
sandyaa2004/Try2/new.py: {}
sandyaa2004/Try2/new.py: Using EditorConfig core...
sandyaa2004/Try2/new.py: Using EditorConfig core...
sandyaa2004/Try2/new.py: Using EditorConfig core...
sandyaa2004/Try2/new.py: Using EditorConfig core...
sandyaa2004/Try2/new.py: Using EditorConfig core...
sandyaa2004/Try2/new.py: Using EditorConfig core...
sandyaa2004/Try2/new.py: Using EditorConfig core...
sandyaa2004/Try2/new.py: Using EditorConfig core...
sandyaa2004/Try2/new.py: Using EditorConfig core...
sandyaa2004/Try2/new.py: Using EditorConfig core...
sandyaa2004/Try2/new.py: Using EditorConfig core...
sandyaa2004/Try2/new.py: Using EditorConfig core...
sandyaa2004/Try2/new.py: Using EditorConfig core...
sandyaa2004/Try2/new.py: Using EditorConfig core...
sandyaa2004/Try2/new.py: Using EditorConfig core...
sandyaa2004/Try2/new.py: Using EditorConfig core...
sandyaa2004/Try2/new.py: Using EditorConfig core...
sandyaa2004/Try2/new.py: Using EditorConfig core...
sandyaa2004/vertex_rag.py: {}
sandyaa2004/Try2/new.py: {}
sandyaa2004/vertex_rag.py: {}
sandyaa2004/vertex_rag.py: Using EditorConfig core...
sandyaa2004/vertex_rag.py: {}
